#
# A fatal error has been detected by the Java Runtime Environment:
#
#  Internal Error (jvmciRuntime.cpp:1609), pid=1119, tid=1133
#  fatal error: Fatal exception in JVMCI: Error calling jdk.vm.ci.services.Services.serializeSavedProperties
#
# JRE version: OpenJDK Runtime Environment GraalVM CE 22.3.0 (17.0.5+8) (build 17.0.5+8-jvmci-22.3-b08)
# Java VM: OpenJDK 64-Bit Server VM GraalVM CE 22.3.0 (17.0.5+8-jvmci-22.3-b08, mixed mode, sharing, tiered, jvmci, jvmci compiler, compressed oops, compressed class ptrs, parallel gc, linux-amd64)
# Problematic frame:
# V  [libjvm.so+0x972714]  JVMCIRuntime::fatal_exception(JVMCIEnv*, char const*)+0x74
#
# Core dump will be written. Default location: Core dumps may be processed with "/usr/share/apport/apport -p%p -s%s -c%c -d%d -P%P -u%u -g%g -- %E" (or dumping to /home/runner/64overloadingexamplejava/core.1119)
#
# If you would like to submit a bug report, please visit:
#   https://github.com/oracle/graal/issues
#

---------------  S U M M A R Y ------------

Command Line: -XX:ThreadPriorityPolicy=1 -XX:+UnlockExperimentalVMOptions -XX:+EnableJVMCIProduct -XX:JVMCIThreadsPerNativeLibraryRuntime=1 -XX:-UnlockExperimentalVMOptions -Declipse.application=org.eclipse.jdt.ls.core.id1 -Dosgi.bundles.defaultStartLevel=4 -Declipse.product=org.eclipse.jdt.ls.core.product -Dlog.level=ALL -Xverify:none -XX:+UseParallelGC -XX:GCTimeRatio=4 -XX:AdaptiveSizePolicyWeight=90 -Dsun.zip.disableMemoryMapping=true -Xmx512m -Xms100m /nix/store/m6gcpi1ii6rghy04cjwjddcavv7i90df-jdt-language-server-1.9.0/share/java/plugins/org.eclipse.equinox.launcher_1.6.400.v20210924-0641.jar --add-modules=ALL-SYSTEM --add-opens java.base/java.util=ALL-UNNAMED --add-opens java.base/java.lang=ALL-UNNAMED -configuration /home/runner/.cache/jdt-language-server/config -data /home/runner/.cache/jdt-language-server/data/home/runner/64overloadingexamplejava

Host: AMD EPYC 7B12, 8 cores, 1G, Ubuntu 20.04.2 LTS
Time: Thu Mar 30 17:56:38 2023 UTC elapsed time: 1116.936376 seconds (0d 0h 18m 36s)

---------------  T H R E A D  ---------------

Current thread (0x00007f1cc00b21e0):  JavaThread "JVMCI-native CompilerThread0" daemon [_thread_in_vm, id=1133, stack(0x00007f1cc4c48000,0x00007f1cc4e48000)]


Current CompileTask:
JVMCI-native:1116936 9506       4       org.eclipse.jdt.internal.compiler.lookup.TypeSystem$HashedParameterizedTypes::get (249 bytes)

Stack: [0x00007f1cc4c48000,0x00007f1cc4e48000],  sp=0x00007f1cc4e46380,  free space=2040k
Native frames: (J=compiled Java code, j=interpreted, Vv=VM code, C=native code)
V  [libjvm.so+0x972714]  JVMCIRuntime::fatal_exception(JVMCIEnv*, char const*)+0x74
V  [libjvm.so+0x93e2fe]  JVMCIEnv::copy_saved_properties()+0x14e
V  [libjvm.so+0x9732a9]  JVMCIRuntime::initialize(JVMCIEnv*)+0xb19
V  [libjvm.so+0x9738a2]  JVMCIRuntime::get_HotSpotJVMCIRuntime(JVMCIEnv*)+0x12
V  [libjvm.so+0x9749f2]  JVMCIRuntime::compile_method(JVMCIEnv*, JVMCICompiler*, methodHandle const&, int)+0xd2
V  [libjvm.so+0x5b0d20]  CompileBroker::invoke_compiler_on_method(CompileTask*)+0x1470
V  [libjvm.so+0x5b12e8]  CompileBroker::compiler_thread_loop()+0x528
V  [libjvm.so+0xd82460]  JavaThread::thread_main_inner()+0xd0
V  [libjvm.so+0xd85a40]  Thread::call_run()+0xc0
V  [libjvm.so+0xbdb1e1]  thread_native_entry(Thread*)+0xe1

Register to memory mapping:

RAX=0x00007f1cc7d97000 points into unknown readable memory: 0x0000000000000058 | 58 00 00 00 00 00 00 00
RBX=0x00007f1cc8e92398: <offset 0x0000000000ef5398> in /nix/store/gpxl5qgg8kicmcvivwmybwjlpf7wh20l-graalvm17-ce-22.3.0/lib/server/libjvm.so at 0x00007f1cc7f9d000
RCX=0x00007f1cc8e4a1e8: <offset 0x0000000000ead1e8> in /nix/store/gpxl5qgg8kicmcvivwmybwjlpf7wh20l-graalvm17-ce-22.3.0/lib/server/libjvm.so at 0x00007f1cc7f9d000
RDX=0x0000000000000649 is an unknown value
RSP=0x00007f1cc4e46380 is pointing into the stack for thread: 0x00007f1cc00b21e0
RBP=0x00007f1cc4e463a0 is pointing into the stack for thread: 0x00007f1cc00b21e0
RSI=0x00007f1cc8e92c48: <offset 0x0000000000ef5c48> in /nix/store/gpxl5qgg8kicmcvivwmybwjlpf7wh20l-graalvm17-ce-22.3.0/lib/server/libjvm.so at 0x00007f1cc7f9d000
RDI=0x00000000e0000000 is an oop: [B 
{0x00000000e0000000} - klass: {type array byte}
 - length: 44
R8 =0x00007f1cc8e92398: <offset 0x0000000000ef5398> in /nix/store/gpxl5qgg8kicmcvivwmybwjlpf7wh20l-graalvm17-ce-22.3.0/lib/server/libjvm.so at 0x00007f1cc7f9d000
R9 =0x00007f1cc4e46330 is pointing into the stack for thread: 0x00007f1cc00b21e0
R10=0x00007f1cc4e47948 is pointing into the stack for thread: 0x00007f1cc00b21e0
R11=0x0000000000000293 is an unknown value
R12=0x0 is NULL
R13=0x00007f1cc00b21e0 is a thread
R14=0x00007f1cc0000b80 points into unknown readable memory: 0x00007f1cc90c3a38 | 38 3a 0c c9 1c 7f 00 00
R15=0x00007f1cc91d1e40: <offset 0x0000000001234e40> in /nix/store/gpxl5qgg8kicmcvivwmybwjlpf7wh20l-graalvm17-ce-22.3.0/lib/server/libjvm.so at 0x00007f1cc7f9d000


Registers:
RAX=0x00007f1cc7d97000, RBX=0x00007f1cc8e92398, RCX=0x00007f1cc8e4a1e8, RDX=0x0000000000000649
RSP=0x00007f1cc4e46380, RBP=0x00007f1cc4e463a0, RSI=0x00007f1cc8e92c48, RDI=0x00000000e0000000
R8 =0x00007f1cc8e92398, R9 =0x00007f1cc4e46330, R10=0x00007f1cc4e47948, R11=0x0000000000000293
R12=0x0000000000000000, R13=0x00007f1cc00b21e0, R14=0x00007f1cc0000b80, R15=0x00007f1cc91d1e40
RIP=0x00007f1cc890f714, EFLAGS=0x0000000000010206, CSGSFS=0x002b000000000033, ERR=0x0000000000000006
  TRAPNO=0x000000000000000e

Top of Stack: (sp=0x00007f1cc4e46380)
0x00007f1cc4e46380:   00007f1cc4e46940 00007f1cc00b21e0
0x00007f1cc4e46390:   00007f1cc67288c8 0000000800c415a8
0x00007f1cc4e463a0:   00007f1cc4e46500 00007f1cc88db2fe
0x00007f1cc4e463b0:   00007f1cc4e463e0 00007f1cc4e46440 

Instructions: (pc=0x00007f1cc890f714)
0x00007f1cc890f614:   30 e8 f6 cf e8 ff 4c 89 e7 e8 2e 48 d1 ff 84 db
0x00007f1cc890f624:   75 2a 4d 85 ed 74 04 4d 8b 6d 00 48 83 c4 08 44
0x00007f1cc890f634:   89 f9 4c 89 f2 4c 89 ee 5b 4c 89 e7 41 5c 41 5d
0x00007f1cc890f644:   41 5e 41 5f 5d e9 e2 47 d1 ff 66 90 48 83 c4 08
0x00007f1cc890f654:   5b 41 5c 41 5d 41 5e 41 5f 5d c3 90 31 d2 be 08
0x00007f1cc890f664:   00 00 00 4c 89 ff e8 b1 78 a3 ff 49 89 c5 e9 37
0x00007f1cc890f674:   ff ff ff 66 0f 1f 84 00 00 00 00 00 48 8b 7a 08
0x00007f1cc890f684:   e9 6d ff ff ff 0f 1f 80 00 00 00 00 e8 5b 48 0a
0x00007f1cc890f694:   00 84 c0 75 89 e9 6a ff ff ff 66 90 55 48 89 e5
0x00007f1cc890f6a4:   41 56 41 55 41 54 49 89 fc 53 48 89 f3 66 48 8d
0x00007f1cc890f6b4:   3d 27 5e 85 00 66 66 48 e8 df 43 8d ff 4c 8b 28
0x00007f1cc890f6c4:   8b 05 be 72 8a 00 85 c0 75 14 ba 01 00 00 00 48
0x00007f1cc890f6d4:   8d 0d ae 72 8a 00 f0 0f b1 11 85 c0 74 4e be c8
0x00007f1cc890f6e4:   00 00 00 4c 89 ef e8 01 0b 41 00 48 8d 05 12 ac
0x00007f1cc890f6f4:   85 00 49 89 d8 48 8d 0d e8 aa 53 00 ba 49 06 00
0x00007f1cc890f704:   00 48 8d 35 3c 35 58 00 bf 00 00 00 e0 48 8b 00
0x00007f1cc890f714:   c6 00 58 31 c0 e8 e2 91 c6 ff 5b 41 5c 41 5d 41
0x00007f1cc890f724:   5e 5d e9 55 34 26 00 0f 1f 44 00 00 48 8d 05 81
0x00007f1cc890f734:   a3 8b 00 48 89 df 4c 8b 30 e8 9e 43 8d ff 48 89
0x00007f1cc890f744:   de 48 89 c2 49 8b 06 4c 89 f7 ff 50 08 4c 89 f7
0x00007f1cc890f754:   e8 a7 5c 27 00 4d 85 e4 74 12 be 01 00 00 00 4c
0x00007f1cc890f764:   89 e7 e8 35 43 fc ff eb 82 0f 1f 00 be 01 00 00
0x00007f1cc890f774:   00 4c 89 ef e8 d3 fd ff ff e9 6d ff ff ff 66 66
0x00007f1cc890f784:   2e 0f 1f 84 00 00 00 00 00 0f 1f 00 55 48 89 e5
0x00007f1cc890f794:   41 57 41 56 41 55 41 54 53 48 81 ec 08 02 00 00
0x00007f1cc890f7a4:   64 48 8b 04 25 28 00 00 00 48 89 45 c8 8b 07 83
0x00007f1cc890f7b4:   f8 02 0f 84 11 04 00 00 4c 8b 6f 18 49 89 ff 49
0x00007f1cc890f7c4:   89 f4 4d 85 ed 74 14 4c 89 ef e8 5d 57 22 00 41
0x00007f1cc890f7d4:   8b 07 83 f8 02 0f 84 19 04 00 00 48 8d 1d 9a 06
0x00007f1cc890f7e4:   8a 00 4c 8d 35 0b 3c 58 00 eb 38 90 48 85 d2 7f
0x00007f1cc890f7f4:   0d 48 8d 05 b4 c0 85 00 48 83 38 00 7e 0e 41 8b
0x00007f1cc890f804:   77 2c 4c 89 f7 31 c0 e8 a0 b2 f7 ff 49 8b 7f 18 


Stack slot to memory mapping:
stack at sp + 0 slots: 0x00007f1cc4e46940 is pointing into the stack for thread: 0x00007f1cc00b21e0
stack at sp + 1 slots: 0x00007f1cc00b21e0 is a thread
stack at sp + 2 slots: 0x00007f1cc67288c8 points into unknown readable memory: 0x6573001880c9ffff | ff ff c9 80 18 00 73 65
stack at sp + 3 slots: 0x0000000800c415a8 is a pointer to class: 
jdk.vm.ci.services.Services {0x0000000800c415a8}
 - instance size:     2
 - klass size:        65
 - access:            public final synchronized 
 - state:             fully_initialized
 - name:              'jdk/vm/ci/services/Services'
 - super:             'java/lang/Object'
 - sub:               
 - arrays:            NULL
 - methods:           Array<T>(0x00007f1cc5841fd8)
 - method ordering:   Array<T>(0x0000000800928960)
 - default_methods:   Array<T>(0x0000000000000000)
 - local interfaces:  Array<T>(0x00000008005ce810)
 - trans. interfaces: Array<T>(0x00000008005ce810)
 - constants:         constant pool [427] {0x00007f1cc5840748} for 'jdk/vm/ci/services/Services' cache=0x00007f1cc58434d8
 - class loader data:  loader data: 0x00007f1cc00283f0 of 'bootstrap'
 - source file:       'Services.java'
 - class annotations:       Array<T>(0x0000000000000000)
 - class type annotations:  Array<T>(0x0000000000000000)
 - field annotations:       Array<T>(0x0000000000000000)
 - field type annotations:  Array<T>(0x0000000000000000)
 - inner classes:     Array<T>(0x00007f1cc5843390)
 - nest members:     Array<T>(0x00007f1cc58433e8)
 - permitted subclasses:     Array<T>(0x00000008005ce7a0)
 - java mirror:       a 'java/lang/Class'{0x00000000e02b7940} = 'jdk/vm/ci/services/Services'
 - vtable length      5  (start addr: 0x0000000800c41778)
 - itable length      2 (start addr: 0x0000000800c417a0)
 - ---- static fields (3 words):
 - public static final 'IS_BUILDING_NATIVE_IMAGE' 'Z' @128 
 - public static final 'IS_IN_NATIVE_IMAGE' 'Z' @129 
 - private static volatile 'savedProperties' 'Ljava/util/Map;' @112 
 - static final 'JVMCI_ENABLED' 'Z' @130 
 - private static final 'servicesCache' 'Ljava/util/Map;' @116 
 - private static final 'MAX_UNICODE_IN_UTF8_LENGTH' 'I' @120 
 - private static final 'MAX_UTF8_PROPERTY_STRING_LENGTH' 'I' @124 
 - ---- non-static fields (0 words):
 - non-static oop maps: 
stack at sp + 4 slots: 0x00007f1cc4e46500 is pointing into the stack for thread: 0x00007f1cc00b21e0
stack at sp + 5 slots: 0x00007f1cc88db2fe: <offset 0x000000000093e2fe> in /nix/store/gpxl5qgg8kicmcvivwmybwjlpf7wh20l-graalvm17-ce-22.3.0/lib/server/libjvm.so at 0x00007f1cc7f9d000
stack at sp + 6 slots: 0x00007f1cc4e463e0 is pointing into the stack for thread: 0x00007f1cc00b21e0
stack at sp + 7 slots: 0x00007f1cc4e46440 is pointing into the stack for thread: 0x00007f1cc00b21e0


---------------  P R O C E S S  ---------------

Threads class SMR info:
_java_thread_list=0x00007f1c44494dd0, length=24, elements={
0x00007f1cc0026690, 0x00007f1cc00a64d0, 0x00007f1cc00a7910, 0x00007f1cc00ae050,
0x00007f1cc00af400, 0x00007f1cc00b07f0, 0x00007f1cc00b21e0, 0x00007f1cc00b36f0,
0x00007f1cc00b4b40, 0x00007f1cc00d7a90, 0x00007f1cc011fd50, 0x00007f1cc0315130,
0x00007f1cc035d040, 0x00007f1cc03600c0, 0x00007f1c5802bdd0, 0x00007f1c5841d3d0,
0x00007f1c584c55a0, 0x00007f1c480010d0, 0x00007f1c4800df00, 0x00007f1c5880ed40,
0x00007f1cc037d580, 0x00007f1cc0413890, 0x00007f1c302227e0, 0x00007f1c3800c230
}

Java Threads: ( => current thread )
  0x00007f1cc0026690 JavaThread "main" [_thread_blocked, id=1125, stack(0x00007f1cc7db8000,0x00007f1cc7eb8000)]
  0x00007f1cc00a64d0 JavaThread "Reference Handler" daemon [_thread_blocked, id=1128, stack(0x00007f1cc552e000,0x00007f1cc562e000)]
  0x00007f1cc00a7910 JavaThread "Finalizer" daemon [_thread_blocked, id=1129, stack(0x00007f1cc542e000,0x00007f1cc552e000)]
  0x00007f1cc00ae050 JavaThread "Signal Dispatcher" daemon [_thread_blocked, id=1130, stack(0x00007f1cc5048000,0x00007f1cc5148000)]
  0x00007f1cc00af400 JavaThread "Service Thread" daemon [_thread_blocked, id=1131, stack(0x00007f1cc4f48000,0x00007f1cc5048000)]
  0x00007f1cc00b07f0 JavaThread "Monitor Deflation Thread" daemon [_thread_blocked, id=1132, stack(0x00007f1cc4e48000,0x00007f1cc4f48000)]
=>0x00007f1cc00b21e0 JavaThread "JVMCI-native CompilerThread0" daemon [_thread_in_vm, id=1133, stack(0x00007f1cc4c48000,0x00007f1cc4e48000)]
  0x00007f1cc00b36f0 JavaThread "C1 CompilerThread0" daemon [_thread_blocked, id=1134, stack(0x00007f1cc4a48000,0x00007f1cc4c48000)]
  0x00007f1cc00b4b40 JavaThread "Sweeper thread" daemon [_thread_blocked, id=1135, stack(0x00007f1cc4948000,0x00007f1cc4a48000)]
  0x00007f1cc00d7a90 JavaThread "Common-Cleaner" daemon [_thread_blocked, id=1137, stack(0x00007f1cc4848000,0x00007f1cc4948000)]
  0x00007f1cc011fd50 JavaThread "Notification Thread" daemon [_thread_blocked, id=1138, stack(0x00007f1cc4748000,0x00007f1cc4848000)]
  0x00007f1cc0315130 JavaThread "Active Thread: Equinox Container: 6fdc2158-0124-481a-9704-7f7a9298a115" [_thread_blocked, id=1142, stack(0x00007f1cc4400000,0x00007f1cc4500000)]
  0x00007f1cc035d040 JavaThread "Framework Event Dispatcher: Equinox Container: 6fdc2158-0124-481a-9704-7f7a9298a115" daemon [_thread_blocked, id=1143, stack(0x00007f1cc4200000,0x00007f1cc4300000)]
  0x00007f1cc03600c0 JavaThread "Start Level: Equinox Container: 6fdc2158-0124-481a-9704-7f7a9298a115" daemon [_thread_blocked, id=1144, stack(0x00007f1cc4000000,0x00007f1cc4100000)]
  0x00007f1c5802bdd0 JavaThread "SCR Component Actor" daemon [_thread_blocked, id=1145, stack(0x00007f1ca73b3000,0x00007f1ca74b3000)]
  0x00007f1c5841d3d0 JavaThread "Worker-JM" [_thread_blocked, id=1147, stack(0x00007f1ca4d00000,0x00007f1ca4e00000)]
  0x00007f1c584c55a0 JavaThread "Worker-0: Compacting resource model" [_thread_blocked, id=1148, stack(0x00007f1ca4b00000,0x00007f1ca4c00000)]
  0x00007f1c480010d0 JavaThread "Worker-1: Publish Diagnostics" [_thread_blocked, id=1149, stack(0x00007f1ca4900000,0x00007f1ca4a00000)]
  0x00007f1c4800df00 JavaThread "Worker-2" [_thread_blocked, id=1150, stack(0x00007f1ca4700000,0x00007f1ca4800000)]
  0x00007f1c5880ed40 JavaThread "Bundle File Closer" daemon [_thread_blocked, id=1153, stack(0x00007f1ca4100000,0x00007f1ca4200000)]
  0x00007f1cc037d580 JavaThread "pool-3-thread-1" [_thread_blocked, id=1154, stack(0x00007f1c6ed00000,0x00007f1c6ee00000)]
  0x00007f1cc0413890 JavaThread "pool-2-thread-1" [_thread_blocked, id=1155, stack(0x00007f1c6eb00000,0x00007f1c6ec00000)]
  0x00007f1c302227e0 JavaThread "Thread-7" [_thread_blocked, id=1191, stack(0x00007f1ca4c00000,0x00007f1ca4d00000)]
  0x00007f1c3800c230 JavaThread "Java indexing" daemon [_thread_blocked, id=1200, stack(0x00007f1ca4600000,0x00007f1ca4700000)]

Other Threads:
  0x00007f1cc00a1c10 VMThread "VM Thread" [stack: 0x00007f1cc5630000,0x00007f1cc5730000] [id=1127] _threads_hazard_ptr=0x00007f1c44494dd0
  0x00007f1cc0121ae0 WatcherThread [stack: 0x00007f1cc4648000,0x00007f1cc4748000] [id=1139]
  0x00007f1cc003df30 GCTaskThread "GC Thread#0" [stack: 0x00007f1cc797b000,0x00007f1cc7a7b000] [id=1126]

Threads with active compile tasks:
JVMCI-native CompilerThread0  1116985 9506       4       org.eclipse.jdt.internal.compiler.lookup.TypeSystem$HashedParameterizedTypes::get (249 bytes)

VM state: synchronizing (normal execution)

VM Mutex/Monitor currently owned by a thread:  ([mutex/lock_event])
[0x00007f1cc0023840] Threads_lock - owner thread: 0x00007f1cc00a1c10
[0x00007f1cc0023ff0] Heap_lock - owner thread: 0x00007f1c480010d0

OutOfMemory and StackOverflow Exception counts:
OutOfMemoryError java_heap_errors=4
LinkageErrors=58

Heap address: 0x00000000e0000000, size: 512 MB, Compressed Oops mode: 32-bit

CDS archive(s) mapped at: [0x0000000800000000-0x0000000800bc8000-0x0000000800bc8000), size 12353536, SharedBaseAddress: 0x0000000800000000, ArchiveRelocationMode: 0.
Compressed class space mapped at: 0x0000000800c00000-0x0000000840c00000, reserved size: 1073741824
Narrow klass base: 0x0000000800000000, Narrow klass shift: 0, Narrow klass range: 0x100000000

GC Precious Log:
 CPUs: 8 total, 1 available
 Memory: 1024M
 Large Page Support: Disabled
 NUMA Support: Disabled
 Compressed Oops: Enabled (32-bit)
 Alignments: Space 512K, Generation 512K, Heap 2M
 Heap Min Capacity: 100M
 Heap Initial Capacity: 100M
 Heap Max Capacity: 512M
 Pre-touch: Disabled
 Parallel Workers: 1

Heap:
 PSYoungGen      total 67072K, used 52224K [0x00000000f5580000, 0x00000000fad80000, 0x0000000100000000)
  eden space 52224K, 100% used [0x00000000f5580000,0x00000000f8880000,0x00000000f8880000)
  from space 14848K, 0% used [0x00000000f9f00000,0x00000000f9f00000,0x00000000fad80000)
  to   space 17920K, 0% used [0x00000000f8880000,0x00000000f8880000,0x00000000f9a00000)
 ParOldGen       total 349696K, used 349696K [0x00000000e0000000, 0x00000000f5580000, 0x00000000f5580000)
  object space 349696K, 100% used [0x00000000e0000000,0x00000000f5580000,0x00000000f5580000)
 Metaspace       used 56443K, committed 57344K, reserved 1105920K
  class space    used 5383K, committed 5760K, reserved 1048576K

Card table byte_map: [0x00007f1cc7a7b000,0x00007f1cc7b7c000] _byte_map_base: 0x00007f1cc737b000

Marking Bits: (ParMarkBitMap*) 0x00007f1cc91cb4c0
 Begin Bits: [0x00007f1cc68ce000, 0x00007f1cc70ce000)
 End Bits:   [0x00007f1cc70ce000, 0x00007f1cc78ce000)

Polling page: 0x00007f1cc7d95000

Metaspace:

Usage:
  Non-class:     49.86 MB used.
      Class:      5.26 MB used.
       Both:     55.12 MB used.

Virtual space:
  Non-class space:       56.00 MB reserved,      50.38 MB ( 90%) committed,  7 nodes.
      Class space:        1.00 GB reserved,       5.62 MB ( <1%) committed,  1 nodes.
             Both:        1.05 GB reserved,      56.00 MB (  5%) committed. 

Chunk freelists:
   Non-Class:  1.66 MB
       Class:  2.41 MB
        Both:  4.08 MB

MaxMetaspaceSize: unlimited
CompressedClassSpaceSize: 1.00 GB
Initial GC threshold: 21.00 MB
Current GC threshold: 93.12 MB
CDS: on
MetaspaceReclaimPolicy: balanced
 - commit_granule_bytes: 65536.
 - commit_granule_words: 8192.
 - virtual_space_node_default_size: 1048576.
 - enlarge_chunks_in_place: 1.
 - new_chunks_are_fully_committed: 0.
 - uncommit_free_chunks: 1.
 - use_allocation_guard: 0.
 - handle_deallocations: 1.


Internal statistics:

num_allocs_failed_limit: 6.
num_arena_births: 456.
num_arena_deaths: 136.
num_vsnodes_births: 8.
num_vsnodes_deaths: 0.
num_space_committed: 895.
num_space_uncommitted: 0.
num_chunks_returned_to_freelist: 191.
num_chunks_taken_from_freelist: 2884.
num_chunk_merges: 82.
num_chunk_splits: 1829.
num_chunks_enlarged: 1133.
num_purges: 6.
num_inconsistent_stats: 0.

CodeHeap 'non-profiled nmethods': size=120036Kb used=2746Kb max_used=2840Kb free=117289Kb
 bounds [0x00007f1caef7a000, 0x00007f1caf24a000, 0x00007f1cb64b3000]
CodeHeap 'profiled nmethods': size=120032Kb used=15432Kb max_used=15742Kb free=104599Kb
 bounds [0x00007f1ca7a42000, 0x00007f1ca8a22000, 0x00007f1caef7a000]
CodeHeap 'non-nmethods': size=5692Kb used=1356Kb max_used=1362Kb free=4335Kb
 bounds [0x00007f1ca74b3000, 0x00007f1ca7723000, 0x00007f1ca7a42000]
 total_blobs=7653 nmethods=6964 adapters=580
 compilation: enabled
              stopped_count=0, restarted_count=0
 full_count=0

JVMCI Events (20 events):
Event: 342.884 Thread 0x00007f1cc00b21e0 releasing handles for JVMCI runtime 0: oop handles=49, metadata handles={total=301, live=300, blocks=43}
Event: 342.884 Thread 0x00007f1cc00b21e0 detached from JVMCI runtime 0
Event: 365.281 Thread 0x00007f1cc00b21e0 attached to JVMCI runtime 0
Event: 365.282 Thread 0x00007f1cc00b21e0 created JavaVM[4]@0x00007f1c6e59e340 for JVMCI runtime 0
Event: 366.696 Thread 0x00007f1cc00b21e0 initializing JVMCI runtime 0
Event: 366.696 Thread 0x00007f1cc00b21e0 done waiting for JavaVM references initialization in JVMCI runtime 0
Event: 406.698 Thread 0x00007f1cc00b21e0 initialized JVMCI runtime 0
Event: 980.387 Thread 0x00007f1cc00b21e0 compacted oop handles in JVMCI runtime 0 from 151 to 147
Event: 980.387 Thread 0x00007f1cc00b21e0 compacted oop handles in JVMCI runtime 0 from 148 to 88
Event: 1004.206 Thread 0x00007f1cc00b21e0 detaching from JVMCI runtime 0: releasing idle compiler thread (0 other threads still attached)
Event: 1004.206 Thread 0x00007f1cc00b21e0 shutting down HotSpotJVMCIRuntime for JVMCI runtime 0
Event: 1004.206 Thread 0x00007f1cc00b21e0 shut down JVMCI runtime 0
Event: 1005.508 Thread 0x00007f1cc00b21e0 destroyed JavaVM[4]@0x00007f1c6e59e340 for JVMCI runtime 0
Event: 1005.508 Thread 0x00007f1cc00b21e0 compacted oop handles in JVMCI runtime 0 from 107 to 107
Event: 1005.508 Thread 0x00007f1cc00b21e0 releasing handles for JVMCI runtime 0: oop handles=107, metadata handles={total=500, live=498, blocks=43}
Event: 1005.508 Thread 0x00007f1cc00b21e0 detached from JVMCI runtime 0
Event: 1088.907 Thread 0x00007f1cc00b21e0 attached to JVMCI runtime 0
Event: 1088.908 Thread 0x00007f1cc00b21e0 created JavaVM[5]@0x00007f1c6e59e340 for JVMCI runtime 0
Event: 1088.908 Thread 0x00007f1cc00b21e0 initializing JVMCI runtime 0
Event: 1088.908 Thread 0x00007f1cc00b21e0 done waiting for JavaVM references initialization in JVMCI runtime 0

Compilation events (20 events):
Event: 396.972 Thread 0x00007f1cc00b36f0 9499       3       org.eclipse.jdt.internal.compiler.lookup.BinaryTypeBinding::<init> (9 bytes)
Event: 401.102 Thread 0x00007f1cc00b36f0 nmethod 9499 0x00007f1ca8149d90 code [0x00007f1ca8149f40, 0x00007f1ca814a080]
Event: 442.778 Thread 0x00007f1cc00b36f0 9500       3       java.util.concurrent.ThreadPoolExecutor::runStateAtLeast (11 bytes)
Event: 445.499 Thread 0x00007f1cc00b36f0 nmethod 9500 0x00007f1ca8149a10 code [0x00007f1ca8149ba0, 0x00007f1ca8149cf0]
Event: 768.588 Thread 0x00007f1cc00b36f0 9502       3       java.util.concurrent.ThreadPoolExecutor::isShutdown (12 bytes)
Event: 772.615 Thread 0x00007f1cc00b36f0 nmethod 9502 0x00007f1ca8149590 code [0x00007f1ca8149740, 0x00007f1ca8149930]
Event: 777.910 Thread 0x00007f1cc00b36f0 9504       3       java.util.concurrent.ScheduledThreadPoolExecutor::canRunInCurrentRunState (61 bytes)
Event: 787.276 Thread 0x00007f1cc00b36f0 nmethod 9504 0x00007f1ca8148690 code [0x00007f1ca81488a0, 0x00007f1ca8149340]
Event: 980.387 Thread 0x00007f1cc00b21e0 nmethod 9496 0x00007f1caf17ae10 code [0x00007f1caf17b1a0, 0x00007f1caf17cc20]
Event: 980.387 Thread 0x00007f1cc00b21e0 9505       4       java.util.ArrayList::isEmpty (13 bytes)
Event: 987.523 Thread 0x00007f1cc00b21e0 nmethod 9505 0x00007f1caf17ab10 code [0x00007f1caf17ac80, 0x00007f1caf17acc8]
Event: 987.523 Thread 0x00007f1cc00b21e0 9501       4       org.eclipse.jdt.internal.core.JavaModelManager::getPerProjectInfoCheckExistence (38 bytes)
Event: 1002.869 Thread 0x00007f1cc00b21e0 nmethod 9501 0x00007f1caf17a310 code [0x00007f1caf17a4a0, 0x00007f1caf17a830]
Event: 1002.869 Thread 0x00007f1cc00b21e0 9497       4       java.util.Collections$UnmodifiableMap$UnmodifiableEntrySet$UnmodifiableEntry::getKey (10 bytes)
Event: 1002.870 Thread 0x00007f1cc00b21e0 nmethod 9497 0x00007f1caf17a010 code [0x00007f1caf17a180, 0x00007f1caf17a228]
Event: 1002.870 Thread 0x00007f1cc00b21e0 9498       4       java.util.Collections$UnmodifiableMap$UnmodifiableEntrySet$UnmodifiableEntry::getValue (10 bytes)
Event: 1002.871 Thread 0x00007f1cc00b21e0 nmethod 9498 0x00007f1caf179a90 code [0x00007f1caf179c00, 0x00007f1caf179ca8]
Event: 1002.872 Thread 0x00007f1cc00b21e0 9503       4       jdk.internal.misc.Unsafe::weakCompareAndSetInt (11 bytes)
Event: 1002.872 Thread 0x00007f1cc00b21e0 nmethod 9503 0x00007f1caf13e890 code [0x00007f1caf13ea00, 0x00007f1caf13ea50]
Event: 1088.907 Thread 0x00007f1cc00b21e0 9506       4       org.eclipse.jdt.internal.compiler.lookup.TypeSystem$HashedParameterizedTypes::get (249 bytes)

GC Heap History (20 events):
Event: 1102.106 GC heap before
{Heap before GC invocations=814 (full 723):
 PSYoungGen      total 67072K, used 52223K [0x00000000f5580000, 0x00000000fad80000, 0x0000000100000000)
  eden space 52224K, 99% used [0x00000000f5580000,0x00000000f887fff8,0x00000000f8880000)
  from space 14848K, 0% used [0x00000000f9f00000,0x00000000f9f00000,0x00000000fad80000)
  to   space 17920K, 0% used [0x00000000f8880000,0x00000000f8880000,0x00000000f9a00000)
 ParOldGen       total 349696K, used 349694K [0x00000000e0000000, 0x00000000f5580000, 0x00000000f5580000)
  object space 349696K, 99% used [0x00000000e0000000,0x00000000f557fb98,0x00000000f5580000)
 Metaspace       used 56443K, committed 57344K, reserved 1105920K
  class space    used 5383K, committed 5760K, reserved 1048576K
}
Event: 1103.566 GC heap after
{Heap after GC invocations=814 (full 723):
 PSYoungGen      total 70144K, used 52223K [0x00000000f5580000, 0x00000000fad80000, 0x0000000100000000)
  eden space 52224K, 99% used [0x00000000f5580000,0x00000000f887ff98,0x00000000f8880000)
  from space 17920K, 0% used [0x00000000f8880000,0x00000000f8880000,0x00000000f9a00000)
  to   space 14848K, 0% used [0x00000000f9f00000,0x00000000f9f00000,0x00000000fad80000)
 ParOldGen       total 349696K, used 349694K [0x00000000e0000000, 0x00000000f5580000, 0x00000000f5580000)
  object space 349696K, 99% used [0x00000000e0000000,0x00000000f557fb98,0x00000000f5580000)
 Metaspace       used 56443K, committed 57344K, reserved 1105920K
  class space    used 5383K, committed 5760K, reserved 1048576K
}
Event: 1103.567 GC heap before
{Heap before GC invocations=815 (full 724):
 PSYoungGen      total 70144K, used 52223K [0x00000000f5580000, 0x00000000fad80000, 0x0000000100000000)
  eden space 52224K, 99% used [0x00000000f5580000,0x00000000f887fff8,0x00000000f8880000)
  from space 17920K, 0% used [0x00000000f8880000,0x00000000f8880000,0x00000000f9a00000)
  to   space 14848K, 0% used [0x00000000f9f00000,0x00000000f9f00000,0x00000000fad80000)
 ParOldGen       total 349696K, used 349694K [0x00000000e0000000, 0x00000000f5580000, 0x00000000f5580000)
  object space 349696K, 99% used [0x00000000e0000000,0x00000000f557fb98,0x00000000f5580000)
 Metaspace       used 56443K, committed 57344K, reserved 1105920K
  class space    used 5383K, committed 5760K, reserved 1048576K
}
Event: 1105.004 GC heap after
{Heap after GC invocations=815 (full 724):
 PSYoungGen      total 67072K, used 52223K [0x00000000f5580000, 0x00000000fad80000, 0x0000000100000000)
  eden space 52224K, 99% used [0x00000000f5580000,0x00000000f887ffb8,0x00000000f8880000)
  from space 14848K, 0% used [0x00000000f9f00000,0x00000000f9f00000,0x00000000fad80000)
  to   space 17920K, 0% used [0x00000000f8880000,0x00000000f8880000,0x00000000f9a00000)
 ParOldGen       total 349696K, used 349694K [0x00000000e0000000, 0x00000000f5580000, 0x00000000f5580000)
  object space 349696K, 99% used [0x00000000e0000000,0x00000000f557fb98,0x00000000f5580000)
 Metaspace       used 56443K, committed 57344K, reserved 1105920K
  class space    used 5383K, committed 5760K, reserved 1048576K
}
Event: 1105.004 GC heap before
{Heap before GC invocations=816 (full 725):
 PSYoungGen      total 67072K, used 52223K [0x00000000f5580000, 0x00000000fad80000, 0x0000000100000000)
  eden space 52224K, 99% used [0x00000000f5580000,0x00000000f887fff8,0x00000000f8880000)
  from space 14848K, 0% used [0x00000000f9f00000,0x00000000f9f00000,0x00000000fad80000)
  to   space 17920K, 0% used [0x00000000f8880000,0x00000000f8880000,0x00000000f9a00000)
 ParOldGen       total 349696K, used 349694K [0x00000000e0000000, 0x00000000f5580000, 0x00000000f5580000)
  object space 349696K, 99% used [0x00000000e0000000,0x00000000f557fb98,0x00000000f5580000)
 Metaspace       used 56443K, committed 57344K, reserved 1105920K
  class space    used 5383K, committed 5760K, reserved 1048576K
}
Event: 1106.566 GC heap after
{Heap after GC invocations=816 (full 725):
 PSYoungGen      total 70144K, used 52223K [0x00000000f5580000, 0x00000000fad80000, 0x0000000100000000)
  eden space 52224K, 99% used [0x00000000f5580000,0x00000000f887ffb8,0x00000000f8880000)
  from space 17920K, 0% used [0x00000000f8880000,0x00000000f8880000,0x00000000f9a00000)
  to   space 14848K, 0% used [0x00000000f9f00000,0x00000000f9f00000,0x00000000fad80000)
 ParOldGen       total 349696K, used 349694K [0x00000000e0000000, 0x00000000f5580000, 0x00000000f5580000)
  object space 349696K, 99% used [0x00000000e0000000,0x00000000f557fb98,0x00000000f5580000)
 Metaspace       used 56443K, committed 57344K, reserved 1105920K
  class space    used 5383K, committed 5760K, reserved 1048576K
}
Event: 1106.566 GC heap before
{Heap before GC invocations=817 (full 726):
 PSYoungGen      total 70144K, used 52223K [0x00000000f5580000, 0x00000000fad80000, 0x0000000100000000)
  eden space 52224K, 99% used [0x00000000f5580000,0x00000000f887fff8,0x00000000f8880000)
  from space 17920K, 0% used [0x00000000f8880000,0x00000000f8880000,0x00000000f9a00000)
  to   space 14848K, 0% used [0x00000000f9f00000,0x00000000f9f00000,0x00000000fad80000)
 ParOldGen       total 349696K, used 349694K [0x00000000e0000000, 0x00000000f5580000, 0x00000000f5580000)
  object space 349696K, 99% used [0x00000000e0000000,0x00000000f557fb98,0x00000000f5580000)
 Metaspace       used 56443K, committed 57344K, reserved 1105920K
  class space    used 5383K, committed 5760K, reserved 1048576K
}
Event: 1108.102 GC heap after
{Heap after GC invocations=817 (full 726):
 PSYoungGen      total 67072K, used 52223K [0x00000000f5580000, 0x00000000fad80000, 0x0000000100000000)
  eden space 52224K, 99% used [0x00000000f5580000,0x00000000f887ffb8,0x00000000f8880000)
  from space 14848K, 0% used [0x00000000f9f00000,0x00000000f9f00000,0x00000000fad80000)
  to   space 17920K, 0% used [0x00000000f8880000,0x00000000f8880000,0x00000000f9a00000)
 ParOldGen       total 349696K, used 349694K [0x00000000e0000000, 0x00000000f5580000, 0x00000000f5580000)
  object space 349696K, 99% used [0x00000000e0000000,0x00000000f557fb98,0x00000000f5580000)
 Metaspace       used 56443K, committed 57344K, reserved 1105920K
  class space    used 5383K, committed 5760K, reserved 1048576K
}
Event: 1108.102 GC heap before
{Heap before GC invocations=818 (full 727):
 PSYoungGen      total 67072K, used 52223K [0x00000000f5580000, 0x00000000fad80000, 0x0000000100000000)
  eden space 52224K, 99% used [0x00000000f5580000,0x00000000f887fff8,0x00000000f8880000)
  from space 14848K, 0% used [0x00000000f9f00000,0x00000000f9f00000,0x00000000fad80000)
  to   space 17920K, 0% used [0x00000000f8880000,0x00000000f8880000,0x00000000f9a00000)
 ParOldGen       total 349696K, used 349694K [0x00000000e0000000, 0x00000000f5580000, 0x00000000f5580000)
  object space 349696K, 99% used [0x00000000e0000000,0x00000000f557fb98,0x00000000f5580000)
 Metaspace       used 56443K, committed 57344K, reserved 1105920K
  class space    used 5383K, committed 5760K, reserved 1048576K
}
Event: 1109.522 GC heap after
{Heap after GC invocations=818 (full 727):
 PSYoungGen      total 70144K, used 52223K [0x00000000f5580000, 0x00000000fad80000, 0x0000000100000000)
  eden space 52224K, 99% used [0x00000000f5580000,0x00000000f887ffb8,0x00000000f8880000)
  from space 17920K, 0% used [0x00000000f8880000,0x00000000f8880000,0x00000000f9a00000)
  to   space 14848K, 0% used [0x00000000f9f00000,0x00000000f9f00000,0x00000000fad80000)
 ParOldGen       total 349696K, used 349694K [0x00000000e0000000, 0x00000000f5580000, 0x00000000f5580000)
  object space 349696K, 99% used [0x00000000e0000000,0x00000000f557fb98,0x00000000f5580000)
 Metaspace       used 56443K, committed 57344K, reserved 1105920K
  class space    used 5383K, committed 5760K, reserved 1048576K
}
Event: 1109.523 GC heap before
{Heap before GC invocations=819 (full 728):
 PSYoungGen      total 70144K, used 52223K [0x00000000f5580000, 0x00000000fad80000, 0x0000000100000000)
  eden space 52224K, 99% used [0x00000000f5580000,0x00000000f887fff8,0x00000000f8880000)
  from space 17920K, 0% used [0x00000000f8880000,0x00000000f8880000,0x00000000f9a00000)
  to   space 14848K, 0% used [0x00000000f9f00000,0x00000000f9f00000,0x00000000fad80000)
 ParOldGen       total 349696K, used 349694K [0x00000000e0000000, 0x00000000f5580000, 0x00000000f5580000)
  object space 349696K, 99% used [0x00000000e0000000,0x00000000f557fb98,0x00000000f5580000)
 Metaspace       used 56443K, committed 57344K, reserved 1105920K
  class space    used 5383K, committed 5760K, reserved 1048576K
}
Event: 1110.923 GC heap after
{Heap after GC invocations=819 (full 728):
 PSYoungGen      total 67072K, used 52223K [0x00000000f5580000, 0x00000000fad80000, 0x0000000100000000)
  eden space 52224K, 99% used [0x00000000f5580000,0x00000000f887ffb8,0x00000000f8880000)
  from space 14848K, 0% used [0x00000000f9f00000,0x00000000f9f00000,0x00000000fad80000)
  to   space 17920K, 0% used [0x00000000f8880000,0x00000000f8880000,0x00000000f9a00000)
 ParOldGen       total 349696K, used 349694K [0x00000000e0000000, 0x00000000f5580000, 0x00000000f5580000)
  object space 349696K, 99% used [0x00000000e0000000,0x00000000f557fb98,0x00000000f5580000)
 Metaspace       used 56443K, committed 57344K, reserved 1105920K
  class space    used 5383K, committed 5760K, reserved 1048576K
}
Event: 1110.923 GC heap before
{Heap before GC invocations=820 (full 729):
 PSYoungGen      total 67072K, used 52224K [0x00000000f5580000, 0x00000000fad80000, 0x0000000100000000)
  eden space 52224K, 100% used [0x00000000f5580000,0x00000000f8880000,0x00000000f8880000)
  from space 14848K, 0% used [0x00000000f9f00000,0x00000000f9f00000,0x00000000fad80000)
  to   space 17920K, 0% used [0x00000000f8880000,0x00000000f8880000,0x00000000f9a00000)
 ParOldGen       total 349696K, used 349694K [0x00000000e0000000, 0x00000000f5580000, 0x00000000f5580000)
  object space 349696K, 99% used [0x00000000e0000000,0x00000000f557fb98,0x00000000f5580000)
 Metaspace       used 56443K, committed 57344K, reserved 1105920K
  class space    used 5383K, committed 5760K, reserved 1048576K
}
Event: 1112.404 GC heap after
{Heap after GC invocations=820 (full 729):
 PSYoungGen      total 70144K, used 52223K [0x00000000f5580000, 0x00000000fad80000, 0x0000000100000000)
  eden space 52224K, 99% used [0x00000000f5580000,0x00000000f887ffd0,0x00000000f8880000)
  from space 17920K, 0% used [0x00000000f8880000,0x00000000f8880000,0x00000000f9a00000)
  to   space 14848K, 0% used [0x00000000f9f00000,0x00000000f9f00000,0x00000000fad80000)
 ParOldGen       total 349696K, used 349694K [0x00000000e0000000, 0x00000000f5580000, 0x00000000f5580000)
  object space 349696K, 99% used [0x00000000e0000000,0x00000000f557fb98,0x00000000f5580000)
 Metaspace       used 56443K, committed 57344K, reserved 1105920K
  class space    used 5383K, committed 5760K, reserved 1048576K
}
Event: 1112.404 GC heap before
{Heap before GC invocations=821 (full 730):
 PSYoungGen      total 70144K, used 52223K [0x00000000f5580000, 0x00000000fad80000, 0x0000000100000000)
  eden space 52224K, 99% used [0x00000000f5580000,0x00000000f887ffd0,0x00000000f8880000)
  from space 17920K, 0% used [0x00000000f8880000,0x00000000f8880000,0x00000000f9a00000)
  to   space 14848K, 0% used [0x00000000f9f00000,0x00000000f9f00000,0x00000000fad80000)
 ParOldGen       total 349696K, used 349694K [0x00000000e0000000, 0x00000000f5580000, 0x00000000f5580000)
  object space 349696K, 99% used [0x00000000e0000000,0x00000000f557fb98,0x00000000f5580000)
 Metaspace       used 56443K, committed 57344K, reserved 1105920K
  class space    used 5383K, committed 5760K, reserved 1048576K
}
Event: 1113.907 GC heap after
{Heap after GC invocations=821 (full 730):
 PSYoungGen      total 67072K, used 52223K [0x00000000f5580000, 0x00000000fad80000, 0x0000000100000000)
  eden space 52224K, 99% used [0x00000000f5580000,0x00000000f887ffd0,0x00000000f8880000)
  from space 14848K, 0% used [0x00000000f9f00000,0x00000000f9f00000,0x00000000fad80000)
  to   space 17920K, 0% used [0x00000000f8880000,0x00000000f8880000,0x00000000f9a00000)
 ParOldGen       total 349696K, used 349694K [0x00000000e0000000, 0x00000000f5580000, 0x00000000f5580000)
  object space 349696K, 99% used [0x00000000e0000000,0x00000000f557fb98,0x00000000f5580000)
 Metaspace       used 56443K, committed 57344K, reserved 1105920K
  class space    used 5383K, committed 5760K, reserved 1048576K
}
Event: 1113.907 GC heap before
{Heap before GC invocations=822 (full 731):
 PSYoungGen      total 67072K, used 52223K [0x00000000f5580000, 0x00000000fad80000, 0x0000000100000000)
  eden space 52224K, 99% used [0x00000000f5580000,0x00000000f887fff0,0x00000000f8880000)
  from space 14848K, 0% used [0x00000000f9f00000,0x00000000f9f00000,0x00000000fad80000)
  to   space 17920K, 0% used [0x00000000f8880000,0x00000000f8880000,0x00000000f9a00000)
 ParOldGen       total 349696K, used 349694K [0x00000000e0000000, 0x00000000f5580000, 0x00000000f5580000)
  object space 349696K, 99% used [0x00000000e0000000,0x00000000f557fbb8,0x00000000f5580000)
 Metaspace       used 56443K, committed 57344K, reserved 1105920K
  class space    used 5383K, committed 5760K, reserved 1048576K
}
Event: 1115.399 GC heap after
{Heap after GC invocations=822 (full 731):
 PSYoungGen      total 70144K, used 52223K [0x00000000f5580000, 0x00000000fad80000, 0x0000000100000000)
  eden space 52224K, 99% used [0x00000000f5580000,0x00000000f887ffd0,0x00000000f8880000)
  from space 17920K, 0% used [0x00000000f8880000,0x00000000f8880000,0x00000000f9a00000)
  to   space 14848K, 0% used [0x00000000f9f00000,0x00000000f9f00000,0x00000000fad80000)
 ParOldGen       total 349696K, used 349694K [0x00000000e0000000, 0x00000000f5580000, 0x00000000f5580000)
  object space 349696K, 99% used [0x00000000e0000000,0x00000000f557fbb8,0x00000000f5580000)
 Metaspace       used 56443K, committed 57344K, reserved 1105920K
  class space    used 5383K, committed 5760K, reserved 1048576K
}
Event: 1115.399 GC heap before
{Heap before GC invocations=823 (full 732):
 PSYoungGen      total 70144K, used 52223K [0x00000000f5580000, 0x00000000fad80000, 0x0000000100000000)
  eden space 52224K, 99% used [0x00000000f5580000,0x00000000f887ffd0,0x00000000f8880000)
  from space 17920K, 0% used [0x00000000f8880000,0x00000000f8880000,0x00000000f9a00000)
  to   space 14848K, 0% used [0x00000000f9f00000,0x00000000f9f00000,0x00000000fad80000)
 ParOldGen       total 349696K, used 349694K [0x00000000e0000000, 0x00000000f5580000, 0x00000000f5580000)
  object space 349696K, 99% used [0x00000000e0000000,0x00000000f557fbb8,0x00000000f5580000)
 Metaspace       used 56443K, committed 57344K, reserved 1105920K
  class space    used 5383K, committed 5760K, reserved 1048576K
}
Event: 1116.929 GC heap after
{Heap after GC invocations=823 (full 732):
 PSYoungGen      total 67072K, used 52223K [0x00000000f5580000, 0x00000000fad80000, 0x0000000100000000)
  eden space 52224K, 99% used [0x00000000f5580000,0x00000000f887ffd0,0x00000000f8880000)
  from space 14848K, 0% used [0x00000000f9f00000,0x00000000f9f00000,0x00000000fad80000)
  to   space 17920K, 0% used [0x00000000f8880000,0x00000000f8880000,0x00000000f9a00000)
 ParOldGen       total 349696K, used 349694K [0x00000000e0000000, 0x00000000f5580000, 0x00000000f5580000)
  object space 349696K, 99% used [0x00000000e0000000,0x00000000f557fbb8,0x00000000f5580000)
 Metaspace       used 56443K, committed 57344K, reserved 1105920K
  class space    used 5383K, committed 5760K, reserved 1048576K
}

Dll operation events (8 events):
Event: 0.002 Loaded shared library /nix/store/gpxl5qgg8kicmcvivwmybwjlpf7wh20l-graalvm17-ce-22.3.0/lib/libjava.so
Event: 0.007 Loaded shared library /nix/store/gpxl5qgg8kicmcvivwmybwjlpf7wh20l-graalvm17-ce-22.3.0/lib/libjsvml.so
Event: 0.187 Loaded shared library /nix/store/gpxl5qgg8kicmcvivwmybwjlpf7wh20l-graalvm17-ce-22.3.0/lib/libnio.so
Event: 0.189 Loaded shared library /nix/store/gpxl5qgg8kicmcvivwmybwjlpf7wh20l-graalvm17-ce-22.3.0/lib/libjvmcicompiler.so
Event: 0.191 Loaded shared library /nix/store/gpxl5qgg8kicmcvivwmybwjlpf7wh20l-graalvm17-ce-22.3.0/lib/libzip.so
Event: 0.573 Loaded shared library /nix/store/gpxl5qgg8kicmcvivwmybwjlpf7wh20l-graalvm17-ce-22.3.0/lib/libjimage.so
Event: 1.968 Loaded shared library /nix/store/gpxl5qgg8kicmcvivwmybwjlpf7wh20l-graalvm17-ce-22.3.0/lib/libnet.so
Event: 3.072 Loaded shared library /home/runner/.cache/jdt-language-server/config/org.eclipse.equinox.launcher/org.eclipse.equinox.launcher.gtk.linux.x86_64_1.2.400.v20211117-0650/eclipse_11600.so

Deoptimization events (20 events):
Event: 100.887 Thread 0x00007f1c480010d0 DEOPT PACKING pc=0x00007f1caf146024 sp=0x00007f1ca49fdf40
Event: 100.887 Thread 0x00007f1c480010d0 DEOPT UNPACKING pc=0x00007f1ca7505325 sp=0x00007f1ca49fd388 mode 1
Event: 100.887 Thread 0x00007f1c480010d0 Uncommon trap: trap_request=0xffffffed fr.pc=0x00007f1caf230e68 relative=0x0000000000000fa8
Event: 100.887 Thread 0x00007f1c480010d0 Uncommon trap: reason=null_assert_or_unreached0 action=reinterpret pc=0x00007f1caf230e68 method=org.eclipse.jdt.internal.compiler.parser.Parser.consumeToken(I)V @ 0 jvmci
Event: 100.887 Thread 0x00007f1c480010d0 DEOPT PACKING pc=0x00007f1caf230e68 sp=0x00007f1ca49fdf30
Event: 100.887 Thread 0x00007f1c480010d0 DEOPT UNPACKING pc=0x00007f1ca7505325 sp=0x00007f1ca49fd3d8 mode 3
Event: 100.889 Thread 0x00007f1c480010d0 Uncommon trap: trap_request=0xffffffed fr.pc=0x00007f1caf1fd1c2 relative=0x0000000000001722
Event: 100.889 Thread 0x00007f1c480010d0 Uncommon trap: reason=null_assert_or_unreached0 action=reinterpret pc=0x00007f1caf1fd1c2 method=org.eclipse.jdt.internal.compiler.parser.Parser.consumeRule(I)V @ 0 jvmci
Event: 100.889 Thread 0x00007f1c480010d0 DEOPT PACKING pc=0x00007f1caf1fd1c2 sp=0x00007f1ca49fdf50
Event: 100.889 Thread 0x00007f1c480010d0 DEOPT UNPACKING pc=0x00007f1ca7505325 sp=0x00007f1ca49fd3e8 mode 3
Event: 102.773 Thread 0x00007f1c3021fde0 DEOPT PACKING pc=0x00007f1ca860cdc9 sp=0x00007f1ca4ffdba0
Event: 102.773 Thread 0x00007f1c3021fde0 DEOPT UNPACKING pc=0x00007f1ca7505325 sp=0x00007f1ca4ffd0b8 mode 0
Event: 102.773 Thread 0x00007f1c3021fde0 DEOPT PACKING pc=0x00007f1ca861afe2 sp=0x00007f1ca4ffdce0
Event: 102.773 Thread 0x00007f1c3021fde0 DEOPT UNPACKING pc=0x00007f1ca7505325 sp=0x00007f1ca4ffd1f8 mode 0
Event: 102.868 Thread 0x00007f1c3021fde0 DEOPT PACKING pc=0x00007f1ca8713820 sp=0x00007f1ca4ffdf40
Event: 102.868 Thread 0x00007f1c3021fde0 DEOPT UNPACKING pc=0x00007f1ca7505325 sp=0x00007f1ca4ffd470 mode 0
Event: 1113.907 Thread 0x00007f1cc00b21e0 Uncommon trap: trap_request=0xffffff8f fr.pc=0x00007f1caf02e49b relative=0x000000000000017b
Event: 1113.907 Thread 0x00007f1cc00b21e0 Uncommon trap: reason=constraint action=none pc=0x00007f1caf02e49b method=java.io.ByteArrayOutputStream.<init>(I)V @ 0 jvmci
Event: 1113.907 Thread 0x00007f1cc00b21e0 DEOPT PACKING pc=0x00007f1caf02e49b sp=0x00007f1cc4e46020
Event: 1113.907 Thread 0x00007f1cc00b21e0 DEOPT UNPACKING pc=0x00007f1ca7505325 sp=0x00007f1cc4e454c8 mode 3

Classes unloaded (20 events):
Event: 77.497 Thread 0x00007f1cc00a1c10 Unloading class 0x0000000800d90c00 'java/lang/invoke/LambdaForm$MH+0x0000000800d90c00'
Event: 77.497 Thread 0x00007f1cc00a1c10 Unloading class 0x0000000800d90800 'java/lang/invoke/LambdaForm$MH+0x0000000800d90800'
Event: 77.497 Thread 0x00007f1cc00a1c10 Unloading class 0x0000000800d90400 'java/lang/invoke/LambdaForm$MH+0x0000000800d90400'
Event: 77.497 Thread 0x00007f1cc00a1c10 Unloading class 0x0000000800d90000 'java/lang/invoke/LambdaForm$MH+0x0000000800d90000'
Event: 77.497 Thread 0x00007f1cc00a1c10 Unloading class 0x0000000800cb2800 'java/lang/invoke/LambdaForm$MH+0x0000000800cb2800'
Event: 77.497 Thread 0x00007f1cc00a1c10 Unloading class 0x0000000800cb2000 'java/lang/invoke/LambdaForm$MH+0x0000000800cb2000'
Event: 77.497 Thread 0x00007f1cc00a1c10 Unloading class 0x0000000800cb1c00 'java/lang/invoke/LambdaForm$MH+0x0000000800cb1c00'
Event: 77.497 Thread 0x00007f1cc00a1c10 Unloading class 0x0000000800cb1800 'java/lang/invoke/LambdaForm$MH+0x0000000800cb1800'
Event: 77.497 Thread 0x00007f1cc00a1c10 Unloading class 0x0000000800cb1000 'java/lang/invoke/LambdaForm$MH+0x0000000800cb1000'
Event: 77.497 Thread 0x00007f1cc00a1c10 Unloading class 0x0000000800cb0c00 'java/lang/invoke/LambdaForm$MH+0x0000000800cb0c00'
Event: 77.497 Thread 0x00007f1cc00a1c10 Unloading class 0x0000000800cb0800 'java/lang/invoke/LambdaForm$MH+0x0000000800cb0800'
Event: 77.497 Thread 0x00007f1cc00a1c10 Unloading class 0x0000000800cb0000 'java/lang/invoke/LambdaForm$MH+0x0000000800cb0000'
Event: 77.497 Thread 0x00007f1cc00a1c10 Unloading class 0x0000000800c85000 'jdk/internal/reflect/GeneratedMethodAccessor5'
Event: 77.497 Thread 0x00007f1cc00a1c10 Unloading class 0x0000000800c84c00 'jdk/internal/reflect/GeneratedMethodAccessor4'
Event: 77.497 Thread 0x00007f1cc00a1c10 Unloading class 0x0000000800c84800 'jdk/internal/reflect/GeneratedMethodAccessor3'
Event: 77.497 Thread 0x00007f1cc00a1c10 Unloading class 0x0000000800c84400 'jdk/internal/reflect/GeneratedMethodAccessor2'
Event: 77.497 Thread 0x00007f1cc00a1c10 Unloading class 0x0000000800c84000 'jdk/internal/reflect/GeneratedMethodAccessor1'
Event: 77.497 Thread 0x00007f1cc00a1c10 Unloading class 0x0000000800c01c00 'java/lang/invoke/LambdaForm$DMH+0x0000000800c01c00'
Event: 211.875 Thread 0x00007f1cc00a1c10 Unloading class 0x0000000801194000 'jdk/internal/reflect/GeneratedConstructorAccessor31'
Event: 309.286 Thread 0x00007f1cc00a1c10 Unloading class 0x000000080114c400 'jdk/internal/reflect/GeneratedConstructorAccessor30'

Classes redefined (0 events):
No events

Internal exceptions (20 events):
Event: 81.091 Thread 0x00007f1c5866d170 Implicit null exception at 0x00007f1caf21467d to 0x00007f1caf2148e4
Event: 85.471 Thread 0x00007f1c5866d170 Exception <a 'java/lang/OutOfMemoryError'{0x00000000e00cda48}> (0x00000000e00cda48) 
thrown [src/hotspot/share/gc/shared/memAllocator.cpp, line 136]
Event: 86.783 Thread 0x00007f1c30230b20 Exception <a 'java/lang/ArrayIndexOutOfBoundsException'{0x00000000f57d53a8}> (0x00000000f57d53a8) 
thrown [src/hotspot/share/runtime/sharedRuntime.cpp, line 628]
Event: 87.175 Thread 0x00007f1c3021fde0 Exception <a 'sun/nio/fs/UnixException'{0x00000000f60a3dc0}> (0x00000000f60a3dc0) 
thrown [src/hotspot/share/prims/jni.cpp, line 516]
Event: 88.375 Thread 0x00007f1c3021fde0 Exception <a 'java/io/FileNotFoundException'{0x00000000f7469508}> (0x00000000f7469508) 
thrown [src/hotspot/share/prims/jni.cpp, line 516]
Event: 88.571 Thread 0x00007f1c3021fde0 Exception <a 'java/lang/NoSuchMethodError'{0x00000000f7902480}: 'java.lang.Object java.lang.invoke.DirectMethodHandle$Holder.invokeStatic(java.lang.Object, int, java.lang.Object, java.lang.Object, java.lang.Object, java.lang.Object)'> (0x00000000f7902480) 
thrown [src/hotspot/share/interpreter/linkResolver.cpp, line 758]
Event: 88.572 Thread 0x00007f1c3021fde0 Exception <a 'java/lang/NoSuchMethodError'{0x00000000f790a9a0}: 'java.lang.Object java.lang.invoke.DirectMethodHandle$Holder.newInvokeSpecial(java.lang.Object, int, java.lang.Object, java.lang.Object, java.lang.Object)'> (0x00000000f790a9a0) 
thrown [src/hotspot/share/interpreter/linkResolver.cpp, line 758]
Event: 90.870 Thread 0x00007f1c3021fde0 Exception <a 'java/lang/NoSuchMethodError'{0x00000000f6921e00}: 'int java.lang.invoke.DirectMethodHandle$Holder.invokeSpecialIFC(java.lang.Object, java.lang.Object, java.lang.Object, java.lang.Object)'> (0x00000000f6921e00) 
thrown [src/hotspot/share/interpreter/linkResolver.cpp, line 758]
Event: 91.774 Thread 0x00007f1c3021fde0 Exception <a 'java/lang/ArrayIndexOutOfBoundsException'{0x00000000f74df688}> (0x00000000f74df688) 
thrown [src/hotspot/share/runtime/sharedRuntime.cpp, line 628]
Event: 91.969 Thread 0x00007f1c3021fde0 Exception <a 'java/lang/ArrayIndexOutOfBoundsException'{0x00000000f77b2ab8}> (0x00000000f77b2ab8) 
thrown [src/hotspot/share/runtime/sharedRuntime.cpp, line 628]
Event: 99.269 Thread 0x00007f1c3021fde0 Exception <a 'java/lang/ArrayIndexOutOfBoundsException'{0x00000000f87f8840}> (0x00000000f87f8840) 
thrown [src/hotspot/share/runtime/sharedRuntime.cpp, line 628]
Event: 99.272 Thread 0x00007f1c3021fde0 Exception <a 'java/lang/ArrayIndexOutOfBoundsException'{0x00000000f8828228}> (0x00000000f8828228) 
thrown [src/hotspot/share/runtime/sharedRuntime.cpp, line 628]
Event: 99.272 Thread 0x00007f1c3021fde0 Exception <a 'java/lang/ArrayIndexOutOfBoundsException'{0x00000000f8828548}> (0x00000000f8828548) 
thrown [src/hotspot/share/runtime/sharedRuntime.cpp, line 628]
Event: 100.975 Thread 0x00007f1c3021fde0 Exception <a 'java/lang/ArrayIndexOutOfBoundsException'{0x00000000f877b2e8}> (0x00000000f877b2e8) 
thrown [src/hotspot/share/runtime/sharedRuntime.cpp, line 628]
Event: 100.977 Thread 0x00007f1c3021fde0 Exception <a 'java/lang/ArrayIndexOutOfBoundsException'{0x00000000f87d2b78}> (0x00000000f87d2b78) 
thrown [src/hotspot/share/runtime/sharedRuntime.cpp, line 628]
Event: 100.977 Thread 0x00007f1c3021fde0 Exception <a 'java/lang/ArrayIndexOutOfBoundsException'{0x00000000f87d2e98}> (0x00000000f87d2e98) 
thrown [src/hotspot/share/runtime/sharedRuntime.cpp, line 628]
Event: 102.777 Thread 0x00007f1c3021fde0 Exception <a 'java/lang/ArrayIndexOutOfBoundsException'{0x00000000f880f520}> (0x00000000f880f520) 
thrown [src/hotspot/share/runtime/sharedRuntime.cpp, line 628]
Event: 1113.907 Thread 0x00007f1cc00b21e0 Exception <a 'java/lang/OutOfMemoryError'{0x00000000e00cda10}> (0x00000000e00cda10) 
thrown [src/hotspot/share/gc/shared/memAllocator.cpp, line 138]
Event: 1113.907 Thread 0x00007f1cc00b21e0 Implicit null exception at 0x00007f1caf02e451 to 0x00007f1caf02e480
Event: 1116.929 Thread 0x00007f1cc00b21e0 Exception <a 'java/lang/OutOfMemoryError'{0x00000000e00cdd30}> (0x00000000e00cdd30) 
thrown [src/hotspot/share/gc/shared/memAllocator.cpp, line 136]

VM Operations (20 events):
Event: 1099.314 Executing VM operation: ParallelGCFailedAllocation
Event: 1100.718 Executing VM operation: ParallelGCFailedAllocation done
Event: 1100.765 Executing VM operation: ParallelGCFailedAllocation
Event: 1102.100 Executing VM operation: ParallelGCFailedAllocation done
Event: 1102.106 Executing VM operation: ParallelGCFailedAllocation
Event: 1103.566 Executing VM operation: ParallelGCFailedAllocation done
Event: 1103.567 Executing VM operation: ParallelGCFailedAllocation
Event: 1105.004 Executing VM operation: ParallelGCFailedAllocation done
Event: 1105.004 Executing VM operation: ParallelGCFailedAllocation
Event: 1106.566 Executing VM operation: ParallelGCFailedAllocation done
Event: 1106.566 Executing VM operation: ParallelGCFailedAllocation
Event: 1108.102 Executing VM operation: ParallelGCFailedAllocation done
Event: 1108.102 Executing VM operation: ParallelGCFailedAllocation
Event: 1109.522 Executing VM operation: ParallelGCFailedAllocation done
Event: 1109.523 Executing VM operation: ParallelGCFailedAllocation
Event: 1110.923 Executing VM operation: ParallelGCFailedAllocation done
Event: 1110.923 Executing VM operation: ParallelGCFailedAllocation
Event: 1113.907 Executing VM operation: ParallelGCFailedAllocation done
Event: 1113.907 Executing VM operation: ParallelGCFailedAllocation
Event: 1116.929 Executing VM operation: ParallelGCFailedAllocation done

Events (20 events):
Event: 1013.874 Thread 0x00007f1cc00b4b40 flushing nmethod 0x00007f1caf202010
Event: 1013.875 Thread 0x00007f1cc00b4b40 flushing nmethod 0x00007f1ca7af9d90
Event: 1013.879 Thread 0x00007f1cc00b4b40 flushing nmethod 0x00007f1ca806f990
Event: 1016.672 Thread 0x00007f1cc00b4b40 flushing nmethod 0x00007f1ca818cf10
Event: 1016.672 Thread 0x00007f1cc00b4b40 flushing nmethod 0x00007f1ca81b6310
Event: 1016.673 Thread 0x00007f1cc00b4b40 flushing nmethod 0x00007f1ca8207190
Event: 1016.673 Thread 0x00007f1cc00b4b40 flushing nmethod 0x00007f1ca8290490
Event: 1016.674 Thread 0x00007f1cc00b4b40 flushing nmethod 0x00007f1ca8368a10
Event: 1016.674 Thread 0x00007f1cc00b4b40 flushing nmethod 0x00007f1ca8376910
Event: 1016.674 Thread 0x00007f1cc00b4b40 flushing nmethod 0x00007f1ca83c9790
Event: 1016.675 Thread 0x00007f1cc00b4b40 flushing nmethod 0x00007f1ca84a7210
Event: 1016.676 Thread 0x00007f1cc00b4b40 flushing nmethod 0x00007f1ca85fc090
Event: 1016.676 Thread 0x00007f1cc00b4b40 flushing nmethod 0x00007f1ca865e790
Event: 1016.676 Thread 0x00007f1cc00b4b40 flushing nmethod 0x00007f1ca8711c10
Event: 1016.677 Thread 0x00007f1cc00b4b40 flushing nmethod 0x00007f1ca8817710
Event: 1016.677 Thread 0x00007f1cc00b4b40 flushing nmethod 0x00007f1ca8880090
Event: 1016.677 Thread 0x00007f1cc00b4b40 flushing nmethod 0x00007f1ca8889f90
Event: 1016.677 Thread 0x00007f1cc00b4b40 flushing nmethod 0x00007f1ca889aa90
Event: 1016.677 Thread 0x00007f1cc00b4b40 flushing nmethod 0x00007f1ca889b690
Event: 1016.677 Thread 0x00007f1cc00b4b40 flushing nmethod 0x00007f1ca88ab610


Dynamic libraries:
e0000000-f5580000 rw-p 00000000 00:00 0 
f5580000-fad80000 rw-p 00000000 00:00 0 
fad80000-100000000 ---p 00000000 00:00 0 
800000000-800449000 rw-p 00001000 00:1292 4611686019135357769            /nix/store/gpxl5qgg8kicmcvivwmybwjlpf7wh20l-graalvm17-ce-22.3.0/lib/server/classes.jsa
800449000-800bc8000 r--p 0044a000 00:1292 4611686019135357769            /nix/store/gpxl5qgg8kicmcvivwmybwjlpf7wh20l-graalvm17-ce-22.3.0/lib/server/classes.jsa
800bc8000-800c00000 ---p 00000000 00:00 0 
800c00000-800c20000 rw-p 00000000 00:00 0 
800c20000-800c40000 rw-p 00000000 00:00 0 
800c40000-800cc0000 rw-p 00000000 00:00 0 
800cc0000-800d00000 rw-p 00000000 00:00 0 
800d00000-800dc0000 rw-p 00000000 00:00 0 
800dc0000-800e00000 rw-p 00000000 00:00 0 
800e00000-8011a0000 rw-p 00000000 00:00 0 
8011a0000-840c00000 ---p 00000000 00:00 0 
55a4ce90d000-55a4ce90e000 r-xp 00000000 00:1292 4611686019099417844      /nix/store/gpxl5qgg8kicmcvivwmybwjlpf7wh20l-graalvm17-ce-22.3.0/bin/.java-wrapped
55a4ce90f000-55a4ce910000 r--p 00001000 00:1292 4611686019099417844      /nix/store/gpxl5qgg8kicmcvivwmybwjlpf7wh20l-graalvm17-ce-22.3.0/bin/.java-wrapped
55a4ce910000-55a4ce911000 rw-p 00002000 00:1292 4611686019099417844      /nix/store/gpxl5qgg8kicmcvivwmybwjlpf7wh20l-graalvm17-ce-22.3.0/bin/.java-wrapped
55a4ce911000-55a4ce912000 rw-p 00004000 00:1292 4611686019099417844      /nix/store/gpxl5qgg8kicmcvivwmybwjlpf7wh20l-graalvm17-ce-22.3.0/bin/.java-wrapped
55a4ce912000-55a4ce913000 rw-p 00005000 00:1292 4611686019099417844      /nix/store/gpxl5qgg8kicmcvivwmybwjlpf7wh20l-graalvm17-ce-22.3.0/bin/.java-wrapped
55a4cf236000-55a4cf27e000 rw-p 00000000 00:00 0                          [heap]
7f1c14000000-7f1c14021000 rw-p 00000000 00:00 0 
7f1c14021000-7f1c18000000 ---p 00000000 00:00 0 
7f1c1b400000-7f1c1b660000 rw-p 00000000 00:00 0 
7f1c1b660000-7f1c1bc00000 ---p 00000000 00:00 0 
7f1c1c000000-7f1c1c047000 rw-p 00000000 00:00 0 
7f1c1c047000-7f1c20000000 ---p 00000000 00:00 0 
7f1c224b3000-7f1c2c000000 r--s 00000000 00:1292 4611686019135192581      /nix/store/gpxl5qgg8kicmcvivwmybwjlpf7wh20l-graalvm17-ce-22.3.0/lib/modules
7f1c2c000000-7f1c2c021000 rw-p 00000000 00:00 0 
7f1c2c021000-7f1c30000000 ---p 00000000 00:00 0 
7f1c30000000-7f1c30261000 rw-p 00000000 00:00 0 
7f1c30261000-7f1c34000000 ---p 00000000 00:00 0 
7f1c34000000-7f1c34021000 rw-p 00000000 00:00 0 
7f1c34021000-7f1c38000000 ---p 00000000 00:00 0 
7f1c38000000-7f1c38029000 rw-p 00000000 00:00 0 
7f1c38029000-7f1c3c000000 ---p 00000000 00:00 0 
7f1c3cc00000-7f1c3d400000 rw-p 00000000 00:00 0 
7f1c3d800000-7f1c3d900000 rw-p 00000000 00:00 0 
7f1c3d900000-7f1c3da00000 rw-p 00000000 00:00 0 
7f1c3da00000-7f1c3db00000 rw-p 00000000 00:00 0 
7f1c3db00000-7f1c3e000000 rw-p 00000000 00:00 0 
7f1c3e400000-7f1c3ec00000 rw-p 00000000 00:00 0 
7f1c3f800000-7f1c3f900000 rw-p 00000000 00:00 0 
7f1c3f900000-7f1c3fd00000 rw-p 00000000 00:00 0 
7f1c3fd00000-7f1c3fe00000 rw-p 00000000 00:00 0 
7f1c3fe00000-7f1c40000000 rw-p 00000000 00:00 0 
7f1c40000000-7f1c40286000 rw-p 00000000 00:00 0 
7f1c40286000-7f1c44000000 ---p 00000000 00:00 0 
7f1c44000000-7f1c444c5000 rw-p 00000000 00:00 0 
7f1c444c5000-7f1c48000000 ---p 00000000 00:00 0 
7f1c48000000-7f1c48066000 rw-p 00000000 00:00 0 
7f1c48066000-7f1c4c000000 ---p 00000000 00:00 0 
7f1c4c000000-7f1c4c058000 rw-p 00000000 00:00 0 
7f1c4c058000-7f1c50000000 ---p 00000000 00:00 0 
7f1c50000000-7f1c502d5000 rw-p 00000000 00:00 0 
7f1c502d5000-7f1c54000000 ---p 00000000 00:00 0 
7f1c54000000-7f1c54021000 rw-p 00000000 00:00 0 
7f1c54021000-7f1c58000000 ---p 00000000 00:00 0 
7f1c58000000-7f1c5891a000 rw-p 00000000 00:00 0 
7f1c5891a000-7f1c5c000000 ---p 00000000 00:00 0 
7f1c5c000000-7f1c5c021000 rw-p 00000000 00:00 0 
7f1c5c021000-7f1c60000000 ---p 00000000 00:00 0 
7f1c60000000-7f1c60021000 rw-p 00000000 00:00 0 
7f1c60021000-7f1c64000000 ---p 00000000 00:00 0 
7f1c64000000-7f1c64021000 rw-p 00000000 00:00 0 
7f1c64021000-7f1c68000000 ---p 00000000 00:00 0 
7f1c68000000-7f1c68055000 rw-p 00000000 00:00 0 
7f1c68055000-7f1c6c000000 ---p 00000000 00:00 0 
7f1c6c400000-7f1c6c500000 rw-p 00000000 00:00 0 
7f1c6c500000-7f1c6c600000 rw-p 00000000 00:00 0 
7f1c6c600000-7f1c6cb60000 rw-p 00000000 00:00 0 
7f1c6cb60000-7f1c6cb80000 rw-p 00000000 00:00 0 
7f1c6cb80000-7f1c6cc00000 rw-p 00000000 00:00 0 
7f1c6cc00000-7f1c6cc10000 r-xp 00000000 00:128c 353                      /home/runner/.cache/jdt-language-server/config/org.eclipse.equinox.launcher/org.eclipse.equinox.launcher.gtk.linux.x86_64_1.2.400.v20211117-0650/eclipse_11600.so
7f1c6cc10000-7f1c6ce0f000 ---p 00010000 00:128c 353                      /home/runner/.cache/jdt-language-server/config/org.eclipse.equinox.launcher/org.eclipse.equinox.launcher.gtk.linux.x86_64_1.2.400.v20211117-0650/eclipse_11600.so
7f1c6ce0f000-7f1c6ce10000 r--p 0000f000 00:128c 353                      /home/runner/.cache/jdt-language-server/config/org.eclipse.equinox.launcher/org.eclipse.equinox.launcher.gtk.linux.x86_64_1.2.400.v20211117-0650/eclipse_11600.so
7f1c6ce10000-7f1c6ce11000 rw-p 00010000 00:128c 353                      /home/runner/.cache/jdt-language-server/config/org.eclipse.equinox.launcher/org.eclipse.equinox.launcher.gtk.linux.x86_64_1.2.400.v20211117-0650/eclipse_11600.so
7f1c6d900000-7f1c6da00000 ---p 00000000 00:00 0 
7f1c6da00000-7f1c6dfaf000 r--p 01122000 00:1292 4611686019135190040      /nix/store/gpxl5qgg8kicmcvivwmybwjlpf7wh20l-graalvm17-ce-22.3.0/lib/libjvmcicompiler.so
7f1c6dfaf000-7f1c6e100000 r--p 00000000 00:00 0 
7f1c6e100000-7f1c6e13d000 rw-p 00000000 00:00 0 
7f1c6e13d000-7f1c6e65d000 rw-p 0185f000 00:1292 4611686019135190040      /nix/store/gpxl5qgg8kicmcvivwmybwjlpf7wh20l-graalvm17-ce-22.3.0/lib/libjvmcicompiler.so
7f1c6e65d000-7f1c6ea44000 r--p 01d7f000 00:1292 4611686019135190040      /nix/store/gpxl5qgg8kicmcvivwmybwjlpf7wh20l-graalvm17-ce-22.3.0/lib/libjvmcicompiler.so
7f1c6eb00000-7f1c6eb04000 ---p 00000000 00:00 0 
7f1c6eb04000-7f1c6ec00000 rw-p 00000000 00:00 0 
7f1c6ed00000-7f1c6ed04000 ---p 00000000 00:00 0 
7f1c6ed04000-7f1c6ee00000 rw-p 00000000 00:00 0 
7f1c6fba9000-7f1c6ff00000 rw-p 00000000 00:00 0 
7f1c70000000-7f1c70021000 rw-p 00000000 00:00 0 
7f1c70021000-7f1c74000000 ---p 00000000 00:00 0 
7f1c74000000-7f1c74021000 rw-p 00000000 00:00 0 
7f1c74021000-7f1c78000000 ---p 00000000 00:00 0 
7f1c78000000-7f1c78049000 rw-p 00000000 00:00 0 
7f1c78049000-7f1c7c000000 ---p 00000000 00:00 0 
7f1c7c000000-7f1c7c021000 rw-p 00000000 00:00 0 
7f1c7c021000-7f1c80000000 ---p 00000000 00:00 0 
7f1c80000000-7f1c80220000 rw-p 00000000 00:00 0 
7f1c80220000-7f1c84000000 ---p 00000000 00:00 0 
7f1c84000000-7f1c84a4c000 rw-p 00000000 00:00 0 
7f1c84a4c000-7f1c88000000 ---p 00000000 00:00 0 
7f1c88000000-7f1c88021000 rw-p 00000000 00:00 0 
7f1c88021000-7f1c8c000000 ---p 00000000 00:00 0 
7f1c8c000000-7f1c8c021000 rw-p 00000000 00:00 0 
7f1c8c021000-7f1c90000000 ---p 00000000 00:00 0 
7f1c90000000-7f1c90021000 rw-p 00000000 00:00 0 
7f1c90021000-7f1c94000000 ---p 00000000 00:00 0 
7f1c94000000-7f1c94021000 rw-p 00000000 00:00 0 
7f1c94021000-7f1c98000000 ---p 00000000 00:00 0 
7f1c98000000-7f1c98021000 rw-p 00000000 00:00 0 
7f1c98021000-7f1c9c000000 ---p 00000000 00:00 0 
7f1c9c000000-7f1c9c021000 rw-p 00000000 00:00 0 
7f1c9c021000-7f1ca0000000 ---p 00000000 00:00 0 
7f1ca0000000-7f1ca0058000 rw-p 00000000 00:00 0 
7f1ca0058000-7f1ca4000000 ---p 00000000 00:00 0 
7f1ca4100000-7f1ca4104000 ---p 00000000 00:00 0 
7f1ca4104000-7f1ca4200000 rw-p 00000000 00:00 0 
7f1ca4300000-7f1ca4304000 ---p 00000000 00:00 0 
7f1ca4304000-7f1ca4400000 rw-p 00000000 00:00 0 
7f1ca4500000-7f1ca4504000 ---p 00000000 00:00 0 
7f1ca4504000-7f1ca4600000 rw-p 00000000 00:00 0 
7f1ca4600000-7f1ca4604000 ---p 00000000 00:00 0 
7f1ca4604000-7f1ca4700000 rw-p 00000000 00:00 0 
7f1ca4700000-7f1ca4704000 ---p 00000000 00:00 0 
7f1ca4704000-7f1ca4800000 rw-p 00000000 00:00 0 
7f1ca4900000-7f1ca4904000 ---p 00000000 00:00 0 
7f1ca4904000-7f1ca4a00000 rw-p 00000000 00:00 0 
7f1ca4b00000-7f1ca4b04000 ---p 00000000 00:00 0 
7f1ca4b04000-7f1ca4c00000 rw-p 00000000 00:00 0 
7f1ca4c00000-7f1ca4c04000 ---p 00000000 00:00 0 
7f1ca4c04000-7f1ca4d00000 rw-p 00000000 00:00 0 
7f1ca4d00000-7f1ca4d04000 ---p 00000000 00:00 0 
7f1ca4d04000-7f1ca4e00000 rw-p 00000000 00:00 0 
7f1ca4f00000-7f1ca4f04000 ---p 00000000 00:00 0 
7f1ca4f04000-7f1ca5000000 rw-p 00000000 00:00 0 
7f1ca5000000-7f1ca716a000 r-xp 00000000 00:1292 4611686019135190040      /nix/store/gpxl5qgg8kicmcvivwmybwjlpf7wh20l-graalvm17-ce-22.3.0/lib/libjvmcicompiler.so
7f1ca716a000-7f1ca7369000 ---p 0216a000 00:1292 4611686019135190040      /nix/store/gpxl5qgg8kicmcvivwmybwjlpf7wh20l-graalvm17-ce-22.3.0/lib/libjvmcicompiler.so
7f1ca7369000-7f1ca736a000 r--p 02169000 00:1292 4611686019135190040      /nix/store/gpxl5qgg8kicmcvivwmybwjlpf7wh20l-graalvm17-ce-22.3.0/lib/libjvmcicompiler.so
7f1ca736a000-7f1ca736c000 rw-p 0216a000 00:1292 4611686019135190040      /nix/store/gpxl5qgg8kicmcvivwmybwjlpf7wh20l-graalvm17-ce-22.3.0/lib/libjvmcicompiler.so
7f1ca736c000-7f1ca736d000 rw-p 00000000 00:00 0 
7f1ca736d000-7f1ca7372000 rw-p 023c3000 00:1292 4611686019135190040      /nix/store/gpxl5qgg8kicmcvivwmybwjlpf7wh20l-graalvm17-ce-22.3.0/lib/libjvmcicompiler.so
7f1ca73b3000-7f1ca73b7000 ---p 00000000 00:00 0 
7f1ca73b7000-7f1ca74b3000 rw-p 00000000 00:00 0 
7f1ca74b3000-7f1ca7723000 rwxp 00000000 00:00 0 
7f1ca7723000-7f1ca7a42000 ---p 00000000 00:00 0 
7f1ca7a42000-7f1ca8a22000 rwxp 00000000 00:00 0 
7f1ca8a22000-7f1caef7a000 ---p 00000000 00:00 0 
7f1caef7a000-7f1caf24a000 rwxp 00000000 00:00 0 
7f1caf24a000-7f1cb64b3000 ---p 00000000 00:00 0 
7f1cb64b3000-7f1cc0000000 r--s 00000000 00:1292 4611686019135192581      /nix/store/gpxl5qgg8kicmcvivwmybwjlpf7wh20l-graalvm17-ce-22.3.0/lib/modules
7f1cc0000000-7f1cc0419000 rw-p 00000000 00:00 0 
7f1cc0419000-7f1cc4000000 ---p 00000000 00:00 0 
7f1cc4000000-7f1cc4004000 ---p 00000000 00:00 0 
7f1cc4004000-7f1cc4100000 rw-p 00000000 00:00 0 
7f1cc4200000-7f1cc4204000 ---p 00000000 00:00 0 
7f1cc4204000-7f1cc4300000 rw-p 00000000 00:00 0 
7f1cc4400000-7f1cc4404000 ---p 00000000 00:00 0 
7f1cc4404000-7f1cc4500000 rw-p 00000000 00:00 0 
7f1cc4546000-7f1cc454a000 ---p 00000000 00:00 0 
7f1cc454a000-7f1cc4646000 rw-p 00000000 00:00 0 
7f1cc4646000-7f1cc4647000 ---p 00000000 00:00 0 
7f1cc4647000-7f1cc4748000 rw-p 00000000 00:00 0 
7f1cc4748000-7f1cc474c000 ---p 00000000 00:00 0 
7f1cc474c000-7f1cc4848000 rw-p 00000000 00:00 0 
7f1cc4848000-7f1cc484c000 ---p 00000000 00:00 0 
7f1cc484c000-7f1cc4948000 rw-p 00000000 00:00 0 
7f1cc4948000-7f1cc494c000 ---p 00000000 00:00 0 
7f1cc494c000-7f1cc4a48000 rw-p 00000000 00:00 0 
7f1cc4a48000-7f1cc4a4c000 ---p 00000000 00:00 0 
7f1cc4a4c000-7f1cc4c48000 rw-p 00000000 00:00 0 
7f1cc4c48000-7f1cc4c4c000 ---p 00000000 00:00 0 
7f1cc4c4c000-7f1cc4e48000 rw-p 00000000 00:00 0 
7f1cc4e48000-7f1cc4e4c000 ---p 00000000 00:00 0 
7f1cc4e4c000-7f1cc4f48000 rw-p 00000000 00:00 0 
7f1cc4f48000-7f1cc4f4c000 ---p 00000000 00:00 0 
7f1cc4f4c000-7f1cc5048000 rw-p 00000000 00:00 0 
7f1cc5048000-7f1cc504c000 ---p 00000000 00:00 0 
7f1cc504c000-7f1cc5148000 rw-p 00000000 00:00 0 
7f1cc5148000-7f1cc542e000 r--p 00000000 00:a90 28444448                  /usr/lib/locale/locale-archive
7f1cc542e000-7f1cc5432000 ---p 00000000 00:00 0 
7f1cc5432000-7f1cc552e000 rw-p 00000000 00:00 0 
7f1cc552e000-7f1cc5532000 ---p 00000000 00:00 0 
7f1cc5532000-7f1cc562e000 rw-p 00000000 00:00 0 
7f1cc562e000-7f1cc562f000 ---p 00000000 00:00 0 
7f1cc562f000-7f1cc5730000 rw-p 00000000 00:00 0 
7f1cc5730000-7f1cc57fe000 r-xp 00000000 00:1292 4611686019135190036      /nix/store/gpxl5qgg8kicmcvivwmybwjlpf7wh20l-graalvm17-ce-22.3.0/lib/libjsvml.so
7f1cc57fe000-7f1cc57ff000 r--p 000cd000 00:1292 4611686019135190036      /nix/store/gpxl5qgg8kicmcvivwmybwjlpf7wh20l-graalvm17-ce-22.3.0/lib/libjsvml.so
7f1cc57ff000-7f1cc5800000 rw-p 000ce000 00:1292 4611686019135190036      /nix/store/gpxl5qgg8kicmcvivwmybwjlpf7wh20l-graalvm17-ce-22.3.0/lib/libjsvml.so
7f1cc5800000-7f1cc5c00000 rw-p 00000000 00:00 0 
7f1cc5c00000-7f1cc5f00000 rw-p 00000000 00:00 0 
7f1cc5f00000-7f1cc6000000 rw-p 00000000 00:00 0 
7f1cc603e000-7f1cc6042000 ---p 00000000 00:00 0 
7f1cc6042000-7f1cc6060000 rw-p 00000000 00:00 0 
7f1cc6060000-7f1cc6067000 r-xp 00000000 00:1292 4611686019135192580      /nix/store/gpxl5qgg8kicmcvivwmybwjlpf7wh20l-graalvm17-ce-22.3.0/lib/libzip.so
7f1cc6067000-7f1cc6068000 ---p 00007000 00:1292 4611686019135192580      /nix/store/gpxl5qgg8kicmcvivwmybwjlpf7wh20l-graalvm17-ce-22.3.0/lib/libzip.so
7f1cc6068000-7f1cc6069000 r--p 00007000 00:1292 4611686019135192580      /nix/store/gpxl5qgg8kicmcvivwmybwjlpf7wh20l-graalvm17-ce-22.3.0/lib/libzip.so
7f1cc6069000-7f1cc606a000 rw-p 00008000 00:1292 4611686019135192580      /nix/store/gpxl5qgg8kicmcvivwmybwjlpf7wh20l-graalvm17-ce-22.3.0/lib/libzip.so
7f1cc606a000-7f1cc606c000 rw-p 0000b000 00:1292 4611686019135192580      /nix/store/gpxl5qgg8kicmcvivwmybwjlpf7wh20l-graalvm17-ce-22.3.0/lib/libzip.so
7f1cc606c000-7f1cc6081000 r-xp 00000000 00:1292 4611686019135192570      /nix/store/gpxl5qgg8kicmcvivwmybwjlpf7wh20l-graalvm17-ce-22.3.0/lib/libnet.so
7f1cc6081000-7f1cc6082000 ---p 00015000 00:1292 4611686019135192570      /nix/store/gpxl5qgg8kicmcvivwmybwjlpf7wh20l-graalvm17-ce-22.3.0/lib/libnet.so
7f1cc6082000-7f1cc6083000 r--p 00015000 00:1292 4611686019135192570      /nix/store/gpxl5qgg8kicmcvivwmybwjlpf7wh20l-graalvm17-ce-22.3.0/lib/libnet.so
7f1cc6083000-7f1cc6084000 rw-p 00016000 00:1292 4611686019135192570      /nix/store/gpxl5qgg8kicmcvivwmybwjlpf7wh20l-graalvm17-ce-22.3.0/lib/libnet.so
7f1cc6084000-7f1cc6087000 rw-p 0001b000 00:1292 4611686019135192570      /nix/store/gpxl5qgg8kicmcvivwmybwjlpf7wh20l-graalvm17-ce-22.3.0/lib/libnet.so
7f1cc6087000-7f1cc609a000 r-xp 00000000 00:1292 4611686019135192571      /nix/store/gpxl5qgg8kicmcvivwmybwjlpf7wh20l-graalvm17-ce-22.3.0/lib/libnio.so
7f1cc609a000-7f1cc609b000 r--p 00012000 00:1292 4611686019135192571      /nix/store/gpxl5qgg8kicmcvivwmybwjlpf7wh20l-graalvm17-ce-22.3.0/lib/libnio.so
7f1cc609b000-7f1cc609c000 rw-p 00013000 00:1292 4611686019135192571      /nix/store/gpxl5qgg8kicmcvivwmybwjlpf7wh20l-graalvm17-ce-22.3.0/lib/libnio.so
7f1cc609c000-7f1cc60a1000 rw-p 00019000 00:1292 4611686019135192571      /nix/store/gpxl5qgg8kicmcvivwmybwjlpf7wh20l-graalvm17-ce-22.3.0/lib/libnio.so
7f1cc60a1000-7f1cc7979000 rw-p 00000000 00:00 0 
7f1cc7979000-7f1cc797a000 ---p 00000000 00:00 0 
7f1cc797a000-7f1cc7b25000 rw-p 00000000 00:00 0 
7f1cc7b25000-7f1cc7b52000 rw-p 00000000 00:00 0 
7f1cc7b52000-7f1cc7b7b000 ---p 00000000 00:00 0 
7f1cc7b7b000-7f1cc7b82000 rw-p 00000000 00:00 0 
7f1cc7b82000-7f1cc7c67000 ---p 00000000 00:00 0 
7f1cc7c67000-7f1cc7c87000 rw-p 00000000 00:00 0 
7f1cc7c87000-7f1cc7d52000 ---p 00000000 00:00 0 
7f1cc7d52000-7f1cc7d57000 rw-p 00000000 00:00 0 
7f1cc7d57000-7f1cc7d5e000 ---p 00000000 00:00 0 
7f1cc7d5e000-7f1cc7d82000 r-xp 00000000 00:1292 4611686019135190028      /nix/store/gpxl5qgg8kicmcvivwmybwjlpf7wh20l-graalvm17-ce-22.3.0/lib/libjava.so
7f1cc7d82000-7f1cc7d83000 ---p 00024000 00:1292 4611686019135190028      /nix/store/gpxl5qgg8kicmcvivwmybwjlpf7wh20l-graalvm17-ce-22.3.0/lib/libjava.so
7f1cc7d83000-7f1cc7d84000 r--p 00024000 00:1292 4611686019135190028      /nix/store/gpxl5qgg8kicmcvivwmybwjlpf7wh20l-graalvm17-ce-22.3.0/lib/libjava.so
7f1cc7d84000-7f1cc7d85000 rw-p 00025000 00:1292 4611686019135190028      /nix/store/gpxl5qgg8kicmcvivwmybwjlpf7wh20l-graalvm17-ce-22.3.0/lib/libjava.so
7f1cc7d85000-7f1cc7d86000 rw-p 00000000 00:00 0 
7f1cc7d86000-7f1cc7d8d000 rw-p 0002f000 00:1292 4611686019135190028      /nix/store/gpxl5qgg8kicmcvivwmybwjlpf7wh20l-graalvm17-ce-22.3.0/lib/libjava.so
7f1cc7d8d000-7f1cc7d95000 rw-s 00000000 00:2bf 676                       /tmp/hsperfdata_runner/1119
7f1cc7d95000-7f1cc7d96000 ---p 00000000 00:00 0 
7f1cc7d96000-7f1cc7d97000 r--p 00000000 00:00 0 
7f1cc7d97000-7f1cc7d98000 rwxp 00000000 00:00 0 
7f1cc7d98000-7f1cc7db3000 r-xp 00000000 00:1292 4611686019135190032      /nix/store/gpxl5qgg8kicmcvivwmybwjlpf7wh20l-graalvm17-ce-22.3.0/lib/libjimage.so
7f1cc7db3000-7f1cc7db4000 ---p 0001b000 00:1292 4611686019135190032      /nix/store/gpxl5qgg8kicmcvivwmybwjlpf7wh20l-graalvm17-ce-22.3.0/lib/libjimage.so
7f1cc7db4000-7f1cc7db6000 r--p 0001b000 00:1292 4611686019135190032      /nix/store/gpxl5qgg8kicmcvivwmybwjlpf7wh20l-graalvm17-ce-22.3.0/lib/libjimage.so
7f1cc7db6000-7f1cc7db7000 rw-p 0001d000 00:1292 4611686019135190032      /nix/store/gpxl5qgg8kicmcvivwmybwjlpf7wh20l-graalvm17-ce-22.3.0/lib/libjimage.so
7f1cc7db7000-7f1cc7db8000 rw-p 00024000 00:1292 4611686019135190032      /nix/store/gpxl5qgg8kicmcvivwmybwjlpf7wh20l-graalvm17-ce-22.3.0/lib/libjimage.so
7f1cc7db8000-7f1cc7dbc000 ---p 00000000 00:00 0 
7f1cc7dbc000-7f1cc7eb8000 rw-p 00000000 00:00 0 
7f1cc7eb8000-7f1cc7ec6000 r--p 00000000 00:1292 4611686019027979927      /nix/store/4nlgxhb09sdr51nc9hdm8az5b08vzkgx-glibc-2.35-163/lib/libm.so.6
7f1cc7ec6000-7f1cc7f39000 r-xp 0000e000 00:1292 4611686019027979927      /nix/store/4nlgxhb09sdr51nc9hdm8az5b08vzkgx-glibc-2.35-163/lib/libm.so.6
7f1cc7f39000-7f1cc7f96000 r--p 00081000 00:1292 4611686019027979927      /nix/store/4nlgxhb09sdr51nc9hdm8az5b08vzkgx-glibc-2.35-163/lib/libm.so.6
7f1cc7f96000-7f1cc7f97000 r--p 000dd000 00:1292 4611686019027979927      /nix/store/4nlgxhb09sdr51nc9hdm8az5b08vzkgx-glibc-2.35-163/lib/libm.so.6
7f1cc7f97000-7f1cc7f98000 rw-p 000de000 00:1292 4611686019027979927      /nix/store/4nlgxhb09sdr51nc9hdm8az5b08vzkgx-glibc-2.35-163/lib/libm.so.6
7f1cc7f98000-7f1cc7f99000 r--p 00000000 00:1292 4611686019027979946      /nix/store/4nlgxhb09sdr51nc9hdm8az5b08vzkgx-glibc-2.35-163/lib/librt.so.1
7f1cc7f99000-7f1cc7f9a000 r-xp 00001000 00:1292 4611686019027979946      /nix/store/4nlgxhb09sdr51nc9hdm8az5b08vzkgx-glibc-2.35-163/lib/librt.so.1
7f1cc7f9a000-7f1cc7f9b000 r--p 00002000 00:1292 4611686019027979946      /nix/store/4nlgxhb09sdr51nc9hdm8az5b08vzkgx-glibc-2.35-163/lib/librt.so.1
7f1cc7f9b000-7f1cc7f9c000 r--p 00002000 00:1292 4611686019027979946      /nix/store/4nlgxhb09sdr51nc9hdm8az5b08vzkgx-glibc-2.35-163/lib/librt.so.1
7f1cc7f9c000-7f1cc7f9d000 rw-p 00003000 00:1292 4611686019027979946      /nix/store/4nlgxhb09sdr51nc9hdm8az5b08vzkgx-glibc-2.35-163/lib/librt.so.1
7f1cc7f9d000-7f1cc90b0000 r-xp 00000000 00:1292 4611686019135360866      /nix/store/gpxl5qgg8kicmcvivwmybwjlpf7wh20l-graalvm17-ce-22.3.0/lib/server/libjvm.so
7f1cc90b0000-7f1cc90b1000 ---p 01113000 00:1292 4611686019135360866      /nix/store/gpxl5qgg8kicmcvivwmybwjlpf7wh20l-graalvm17-ce-22.3.0/lib/server/libjvm.so
7f1cc90b1000-7f1cc9166000 r--p 01113000 00:1292 4611686019135360866      /nix/store/gpxl5qgg8kicmcvivwmybwjlpf7wh20l-graalvm17-ce-22.3.0/lib/server/libjvm.so
7f1cc9166000-7f1cc919a000 rw-p 011c8000 00:1292 4611686019135360866      /nix/store/gpxl5qgg8kicmcvivwmybwjlpf7wh20l-graalvm17-ce-22.3.0/lib/server/libjvm.so
7f1cc919a000-7f1cc91f6000 rw-p 00000000 00:00 0 
7f1cc91f6000-7f1cc921e000 r--p 00000000 00:1292 4611686019027979918      /nix/store/4nlgxhb09sdr51nc9hdm8az5b08vzkgx-glibc-2.35-163/lib/libc.so.6
7f1cc921e000-7f1cc9394000 r-xp 00028000 00:1292 4611686019027979918      /nix/store/4nlgxhb09sdr51nc9hdm8az5b08vzkgx-glibc-2.35-163/lib/libc.so.6
7f1cc9394000-7f1cc93ec000 r--p 0019e000 00:1292 4611686019027979918      /nix/store/4nlgxhb09sdr51nc9hdm8az5b08vzkgx-glibc-2.35-163/lib/libc.so.6
7f1cc93ec000-7f1cc93f0000 r--p 001f6000 00:1292 4611686019027979918      /nix/store/4nlgxhb09sdr51nc9hdm8az5b08vzkgx-glibc-2.35-163/lib/libc.so.6
7f1cc93f0000-7f1cc93f2000 rw-p 001fa000 00:1292 4611686019027979918      /nix/store/4nlgxhb09sdr51nc9hdm8az5b08vzkgx-glibc-2.35-163/lib/libc.so.6
7f1cc93f2000-7f1cc9401000 rw-p 00000000 00:00 0 
7f1cc9401000-7f1cc9402000 r--p 00000000 00:1292 4611686019027979923      /nix/store/4nlgxhb09sdr51nc9hdm8az5b08vzkgx-glibc-2.35-163/lib/libdl.so.2
7f1cc9402000-7f1cc9403000 r-xp 00001000 00:1292 4611686019027979923      /nix/store/4nlgxhb09sdr51nc9hdm8az5b08vzkgx-glibc-2.35-163/lib/libdl.so.2
7f1cc9403000-7f1cc9404000 r--p 00002000 00:1292 4611686019027979923      /nix/store/4nlgxhb09sdr51nc9hdm8az5b08vzkgx-glibc-2.35-163/lib/libdl.so.2
7f1cc9404000-7f1cc9405000 r--p 00002000 00:1292 4611686019027979923      /nix/store/4nlgxhb09sdr51nc9hdm8az5b08vzkgx-glibc-2.35-163/lib/libdl.so.2
7f1cc9405000-7f1cc9406000 rw-p 00003000 00:1292 4611686019027979923      /nix/store/4nlgxhb09sdr51nc9hdm8az5b08vzkgx-glibc-2.35-163/lib/libdl.so.2
7f1cc9406000-7f1cc9407000 r--p 00000000 00:1292 4611686019027979942      /nix/store/4nlgxhb09sdr51nc9hdm8az5b08vzkgx-glibc-2.35-163/lib/libpthread.so.0
7f1cc9407000-7f1cc9408000 r-xp 00001000 00:1292 4611686019027979942      /nix/store/4nlgxhb09sdr51nc9hdm8az5b08vzkgx-glibc-2.35-163/lib/libpthread.so.0
7f1cc9408000-7f1cc9409000 r--p 00002000 00:1292 4611686019027979942      /nix/store/4nlgxhb09sdr51nc9hdm8az5b08vzkgx-glibc-2.35-163/lib/libpthread.so.0
7f1cc9409000-7f1cc940a000 r--p 00002000 00:1292 4611686019027979942      /nix/store/4nlgxhb09sdr51nc9hdm8az5b08vzkgx-glibc-2.35-163/lib/libpthread.so.0
7f1cc940a000-7f1cc940b000 rw-p 00003000 00:1292 4611686019027979942      /nix/store/4nlgxhb09sdr51nc9hdm8az5b08vzkgx-glibc-2.35-163/lib/libpthread.so.0
7f1cc940b000-7f1cc9419000 r-xp 00000000 00:1292 4611686019135190033      /nix/store/gpxl5qgg8kicmcvivwmybwjlpf7wh20l-graalvm17-ce-22.3.0/lib/libjli.so
7f1cc9419000-7f1cc941a000 ---p 0000e000 00:1292 4611686019135190033      /nix/store/gpxl5qgg8kicmcvivwmybwjlpf7wh20l-graalvm17-ce-22.3.0/lib/libjli.so
7f1cc941a000-7f1cc941b000 r--p 0000e000 00:1292 4611686019135190033      /nix/store/gpxl5qgg8kicmcvivwmybwjlpf7wh20l-graalvm17-ce-22.3.0/lib/libjli.so
7f1cc941b000-7f1cc941c000 rw-p 0000f000 00:1292 4611686019135190033      /nix/store/gpxl5qgg8kicmcvivwmybwjlpf7wh20l-graalvm17-ce-22.3.0/lib/libjli.so
7f1cc941c000-7f1cc941d000 rw-p 00012000 00:1292 4611686019135190033      /nix/store/gpxl5qgg8kicmcvivwmybwjlpf7wh20l-graalvm17-ce-22.3.0/lib/libjli.so
7f1cc941d000-7f1cc9420000 r--p 00000000 00:1292 4611686019106210071      /nix/store/026hln0aq1hyshaxsdvhg0kmcm6yf45r-zlib-1.2.13/lib/libz.so.1.2.13
7f1cc9420000-7f1cc9432000 r-xp 00003000 00:1292 4611686019106210071      /nix/store/026hln0aq1hyshaxsdvhg0kmcm6yf45r-zlib-1.2.13/lib/libz.so.1.2.13
7f1cc9432000-7f1cc9439000 r--p 00015000 00:1292 4611686019106210071      /nix/store/026hln0aq1hyshaxsdvhg0kmcm6yf45r-zlib-1.2.13/lib/libz.so.1.2.13
7f1cc9439000-7f1cc943a000 r--p 0001b000 00:1292 4611686019106210071      /nix/store/026hln0aq1hyshaxsdvhg0kmcm6yf45r-zlib-1.2.13/lib/libz.so.1.2.13
7f1cc943a000-7f1cc943b000 rw-p 0001c000 00:1292 4611686019106210071      /nix/store/026hln0aq1hyshaxsdvhg0kmcm6yf45r-zlib-1.2.13/lib/libz.so.1.2.13
7f1cc943b000-7f1cc943d000 rw-p 00000000 00:00 0 
7f1cc943d000-7f1cc943f000 r--p 00000000 00:1292 4611686019027979912      /nix/store/4nlgxhb09sdr51nc9hdm8az5b08vzkgx-glibc-2.35-163/lib/ld-linux-x86-64.so.2
7f1cc943f000-7f1cc9466000 r-xp 00002000 00:1292 4611686019027979912      /nix/store/4nlgxhb09sdr51nc9hdm8az5b08vzkgx-glibc-2.35-163/lib/ld-linux-x86-64.so.2
7f1cc9466000-7f1cc9472000 r--p 00029000 00:1292 4611686019027979912      /nix/store/4nlgxhb09sdr51nc9hdm8az5b08vzkgx-glibc-2.35-163/lib/ld-linux-x86-64.so.2
7f1cc9472000-7f1cc9474000 r--p 00034000 00:1292 4611686019027979912      /nix/store/4nlgxhb09sdr51nc9hdm8az5b08vzkgx-glibc-2.35-163/lib/ld-linux-x86-64.so.2
7f1cc9474000-7f1cc9476000 rw-p 00036000 00:1292 4611686019027979912      /nix/store/4nlgxhb09sdr51nc9hdm8az5b08vzkgx-glibc-2.35-163/lib/ld-linux-x86-64.so.2
7ffdaeeae000-7ffdaeed2000 rw-p 00000000 00:00 0                          [stack]
7ffdaef22000-7ffdaef26000 r--p 00000000 00:00 0                          [vvar]
7ffdaef26000-7ffdaef28000 r-xp 00000000 00:00 0                          [vdso]
ffffffffff600000-ffffffffff601000 --xp 00000000 00:00 0                  [vsyscall]


VM Arguments:
jvm_args: -XX:ThreadPriorityPolicy=1 -XX:+UnlockExperimentalVMOptions -XX:+EnableJVMCIProduct -XX:JVMCIThreadsPerNativeLibraryRuntime=1 -XX:-UnlockExperimentalVMOptions -Declipse.application=org.eclipse.jdt.ls.core.id1 -Dosgi.bundles.defaultStartLevel=4 -Declipse.product=org.eclipse.jdt.ls.core.product -Dlog.level=ALL -Xverify:none -XX:+UseParallelGC -XX:GCTimeRatio=4 -XX:AdaptiveSizePolicyWeight=90 -Dsun.zip.disableMemoryMapping=true -Xmx512m -Xms100m 
java_command: /nix/store/m6gcpi1ii6rghy04cjwjddcavv7i90df-jdt-language-server-1.9.0/share/java/plugins/org.eclipse.equinox.launcher_1.6.400.v20210924-0641.jar --add-modules=ALL-SYSTEM --add-opens java.base/java.util=ALL-UNNAMED --add-opens java.base/java.lang=ALL-UNNAMED -configuration /home/runner/.cache/jdt-language-server/config -data /home/runner/.cache/jdt-language-server/data/home/runner/64overloadingexamplejava
java_class_path (initial): /nix/store/m6gcpi1ii6rghy04cjwjddcavv7i90df-jdt-language-server-1.9.0/share/java/plugins/org.eclipse.equinox.launcher_1.6.400.v20210924-0641.jar
Launcher Type: SUN_STANDARD

[Global flags]
    uintx AdaptiveSizePolicyWeight                 = 90                                        {product} {command line}
     intx CICompilerCount                          = 2                                         {product} {ergonomic}
     bool EnableJVMCIProduct                       = true                                {JVMCI product} {jimage}
    uintx GCTimeRatio                              = 4                                         {product} {command line}
   size_t InitialHeapSize                          = 104857600                                 {product} {command line}
     uint JVMCIThreadsPerNativeLibraryRuntime      = 1                                   {JVMCI product} {jimage}
   size_t MaxHeapSize                              = 536870912                                 {product} {command line}
   size_t MaxNewSize                               = 178782208                                 {product} {ergonomic}
   size_t MinHeapDeltaBytes                        = 524288                                    {product} {ergonomic}
   size_t MinHeapSize                              = 104857600                                 {product} {command line}
   size_t NewSize                                  = 34603008                                  {product} {ergonomic}
    uintx NonNMethodCodeHeapSize                   = 5826188                                {pd product} {ergonomic}
    uintx NonProfiledCodeHeapSize                  = 122916026                              {pd product} {ergonomic}
   size_t OldSize                                  = 70254592                                  {product} {ergonomic}
    uintx ProfiledCodeHeapSize                     = 122916026                              {pd product} {ergonomic}
    uintx ReservedCodeCacheSize                    = 251658240                              {pd product} {ergonomic}
     bool SegmentedCodeCache                       = true                                      {product} {ergonomic}
   size_t SoftMaxHeapSize                          = 536870912                              {manageable} {ergonomic}
     intx ThreadPriorityPolicy                     = 1                                         {product} {jimage}
     bool UseCompressedClassPointers               = true                           {product lp64_product} {ergonomic}
     bool UseCompressedOops                        = true                           {product lp64_product} {ergonomic}
     bool UseParallelGC                            = true                                      {product} {command line}

Logging:
Log output configuration:
 #0: stdout all=warning uptime,level,tags
 #1: stderr all=off uptime,level,tags

Environment Variables:
JAVA_HOME=/nix/store/gpxl5qgg8kicmcvivwmybwjlpf7wh20l-graalvm17-ce-22.3.0
PATH=/nix/store/1d6ian3r8kdzspw8hacjhl3xkp40g1lj-binutils-wrapper-2.39/bin:/nix/store/dq0xwmsk1g0i2ayg6pb7y87na2knzylh-gcc-wrapper-11.3.0/bin:/nix/store/bap4d0lpcrhpwmpb8ayjcgkmvfj62lnq-bash-interactive-5.1-p16/bin:/nix/store/pr5n59mb4jzmfx6kanwxly0l07p861fg-patchelf-0.15.0/bin:/nix/store/1gf2flfqnpqbr1b4p4qz2f72y42bs56r-gcc-11.3.0/bin:/nix/store/57xv61c5zi8pphjbcwxxjlgc34p61ic9-glibc-2.35-163-bin/bin:/nix/store/a7gvj343m05j2s32xcnwr35v31ynlypr-coreutils-9.1/bin:/nix/store/039g378vc3pc3dvi9dzdlrd0i4q93qwf-binutils-2.39/bin:/nix/store/gpxl5qgg8kicmcvivwmybwjlpf7wh20l-graalvm17-ce-22.3.0/bin:/nix/store/6z9ag3ihc8mq2hzsw48lhbznvzny65nz-apache-maven-3.8.6/bin:/nix/store/m6gcpi1ii6rghy04cjwjddcavv7i90df-jdt-language-server-1.9.0/bin:/nix/store/84xs5alhs01zrbr4ywm05kxbjbp5590l-java-debug/bin:/nix/store/mydc6f4k2z73xlcz7ilif3v2lcaiqvza-findutils-4.9.0/bin:/nix/store/j9p3g8472iijd50vhdprx0nmk2fqn5gv-diffutils-3.8/bin:/nix/store/89zs7rms6x00xfq4dq6m7mjnhkr8a6r4-gnused-4.8/bin:/nix/store/86bp03jkmsl6f92w0yzg4s59g5mhxwmy-gnugrep-3.7/bin:/nix/store/hwcdqw4jrjnd37wxqgsd47hd0j8bnj09-gawk-5.1.1/bin:/nix/store/cfbhw8r8ags41vwqaz47r583d0p4h4a1-gnutar-1.34/bin:/nix/store/p3m1ndl1lapwrlh698bnb5lvvxh67378-gzip-1.12/bin:/nix/store/a8mhcagrsly7c7mpjrpsnaahk4aax056-bzip2-1.0.8-bin/bin:/nix/store/mblgz65m3zv9x548a3d5m96fj2pbwr09-gnumake-4.3/bin:/nix/store/dsd5gz46hdbdk2rfdimqddhq6m8m8fqs-bash-5.1-p16/bin:/nix/store/v7ljksji50mg3w61dykaa3n3y79n6nil-patch-2.7.6/bin:/nix/store/zlcnmqq14jz5x9439jf937mvayyl63da-xz-5.2.7-bin/bin:/nix/store/y6aj732zm9m87c82fpvf103a1xb22blp-file-5.43/bin:/nix/store/i4kzir3m7mrisxmf5xvlnkw01x4qaqr4-prybar-elisp-0.0.0-e0d9a52/bin:/nix/store/lwwivxf6h7x3cvxp9zv8sj0mv7dak99r-prybar-lua-0.0.0-e0d9a52/bin:/nix/store/gxj28g1cg4hq3qanmjv07156h800qr58-prybar-python3-0.0.0-e0d9a52/bin:/nix/store/hshkjnxrgidigf8x75vg6lqng2xlx9i3-prybar-sqlite-0.0.0-e0d9a52/bin:/nix/store/c4w01bpjgyy5ixmwdk8m1pw87zq4sl26-prybar-tcl-0.0.0-e0d9a52/bin:/nix/store/hpbvrlwd5viqmvcaisb3x0118i913a9n-st
LD_LIBRARY_PATH=/nix/store/a4pff549sk2idnkpzk5nsfps3mdkdnvm-cups-2.4.2-lib/lib:/nix/store/72mqxxhh3cy5yifh92wh2yb8cl2hikyy-cairo-1.16.0/lib:/nix/store/2k366jrbsra97gjfxwvrhvixjfxdach5-glib-2.74.1/lib:/nix/store/2j2znigd8ak37rlwh9khz0ry3clqlw1l-gtk+3-3.24.34/lib:/nix/store/hisqvx32cd57apbpcsnkpx6k3549wql1-libglvnd-1.4.0/lib:/nix/store/p36pgcv991mq5srvg765b78yqpxvk3qs-mesa-21.3.3-drivers/lib:/nix/store/mav4251if1ahjq5vkpwycyyvnmy459c4-pulseaudio-14.2/lib
DISPLAY=:0
LANG=en_US.UTF-8

Signal Handlers:
   SIGSEGV: crash_handler in libjvm.so, mask=11100100010111111101111111111110, flags=SA_RESTART|SA_SIGINFO
    SIGBUS: crash_handler in libjvm.so, mask=11100100010111111101111111111110, flags=SA_RESTART|SA_SIGINFO
    SIGFPE: crash_handler in libjvm.so, mask=11100100010111111101111111111110, flags=SA_RESTART|SA_SIGINFO
   SIGPIPE: IsolateEnterStub_IgnoreSIGPIPEStartupHook_noopSignalHandler_8f19bff2f35b5f630d83b364d6b2339320d4ec70_216e8361c6bc87a8f89f58cc10d3b2fd4415bf87 in libjvmcicompiler.so, mask=00000000000000000000000000000000, flags=SA_RESTART
  *** Handler was modified!
  *** Expected: javaSignalHandler in libjvm.so, mask=11100100110111111111111111111110, flags=SA_RESTART|SA_SIGINFO
   SIGXFSZ: javaSignalHandler in libjvm.so, mask=11100100010111111101111111111110, flags=SA_RESTART|SA_SIGINFO
    SIGILL: crash_handler in libjvm.so, mask=11100100010111111101111111111110, flags=SA_RESTART|SA_SIGINFO
   SIGUSR2: SR_handler in libjvm.so, mask=00000000000000000000000000000000, flags=SA_RESTART|SA_SIGINFO
    SIGHUP: UserHandler in libjvm.so, mask=11100100010111111101111111111110, flags=SA_RESTART|SA_SIGINFO
    SIGINT: UserHandler in libjvm.so, mask=11100100010111111101111111111110, flags=SA_RESTART|SA_SIGINFO
   SIGTERM: UserHandler in libjvm.so, mask=11100100010111111101111111111110, flags=SA_RESTART|SA_SIGINFO
   SIGQUIT: UserHandler in libjvm.so, mask=11100100010111111101111111111110, flags=SA_RESTART|SA_SIGINFO
  *** Handler was modified!
  *** Expected: javaSignalHandler in libjvm.so, mask=11100100110111111111111111111110, flags=SA_RESTART|SA_SIGINFO
   SIGTRAP: crash_handler in libjvm.so, mask=11100100010111111101111111111110, flags=SA_RESTART|SA_SIGINFO


---------------  S Y S T E M  ---------------

OS:
DISTRIB_ID=Ubuntu
DISTRIB_RELEASE=20.04
DISTRIB_CODENAME=focal
DISTRIB_DESCRIPTION="Ubuntu 20.04.2 LTS"
uname: Linux 5.15.0-1031-gcp #38~20.04.1-Ubuntu SMP Sun Mar 12 04:47:58 UTC 2023 x86_64
OS uptime: 0 days 9:33 hours
libc: glibc 2.35 NPTL 2.35 
rlimit (soft/hard): STACK 8192k/infinity , CORE infinity/infinity , NPROC infinity/infinity , NOFILE 5242/5242 , AS infinity/infinity , CPU infinity/infinity , DATA infinity/infinity , FSIZE infinity/infinity , MEMLOCK 64k/64k
load average: 11.22 12.21 13.62

/proc/meminfo:
MemTotal:       65852712 kB
MemFree:        21051304 kB
MemAvailable:   46479168 kB
Buffers:         2663208 kB
Cached:         21464356 kB
SwapCached:            0 kB
Active:          9289200 kB
Inactive:       30719132 kB
Active(anon):      14540 kB
Inactive(anon): 15686340 kB
Active(file):    9274660 kB
Inactive(file): 15032792 kB
Unevictable:       43360 kB
Mlocked:           43360 kB
SwapTotal:             0 kB
SwapFree:              0 kB
Dirty:              9248 kB
Writeback:           648 kB
AnonPages:      15103048 kB
Mapped:          1818912 kB
Shmem:             39860 kB
KReclaimable:    1847012 kB
Slab:            3814432 kB
SReclaimable:    1847012 kB
SUnreclaim:      1967420 kB
KernelStack:      384328 kB
PageTables:       155732 kB
NFS_Unstable:          0 kB
Bounce:                0 kB
WritebackTmp:          0 kB
CommitLimit:    32926356 kB
Committed_AS:   54142620 kB
VmallocTotal:   34359738367 kB
VmallocUsed:      431484 kB
VmallocChunk:          0 kB
Percpu:            72384 kB
HardwareCorrupted:     0 kB
AnonHugePages:   3545088 kB
ShmemHugePages:        0 kB
ShmemPmdMapped:        0 kB
FileHugePages:         0 kB
FilePmdMapped:         0 kB
HugePages_Total:       0
HugePages_Free:        0
HugePages_Rsvd:        0
HugePages_Surp:        0
Hugepagesize:       2048 kB
Hugetlb:               0 kB
DirectMap4k:     5342016 kB
DirectMap2M:    54423552 kB
DirectMap1G:     9437184 kB

/sys/kernel/mm/transparent_hugepage/enabled: always [madvise] never
/sys/kernel/mm/transparent_hugepage/defrag (defrag/compaction efforts parameter): always defer defer+madvise [madvise] never

Process Memory:
Virtual Size: 4388672K (peak: 4482856K)
Resident Set Size: 781156K (peak: 878872K) (anon: 584432K, file: 196724K, shmem: 0K)
Swapped out: 0K
C-Heap outstanding allocations: 39373K, retained: 16235K
glibc malloc tunables: (default)

/proc/sys/kernel/threads-max (system-wide limit on the number of threads): 514406
/proc/sys/vm/max_map_count (maximum number of memory map areas a process may have): 65530
/proc/sys/kernel/pid_max (system-wide limit on number of process identifiers): 4194304

container (cgroup) information:
container_type: cgroupv1
cpu_cpuset_cpus: 2-7
cpu_memory_nodes: 0
active_processor_count: 1
cpu_quota: 50000
cpu_period: 100000
cpu_shares: 512
memory_limit_in_bytes: 1048576 k
memory_and_swap_limit_in_bytes: 1048576 k
memory_soft_limit_in_bytes: 524288 k
memory_usage_in_bytes: 635256 k
memory_max_usage_in_bytes: 1048576 k
maximum number of tasks: 1000
current number of tasks: 58

KVM virtualization detected
Steal ticks since vm start: 0
Steal ticks percentage since vm start:  0.000

CPU: total 8 (initial active 1) (8 cores per cpu, 2 threads per core) family 23 model 49 stepping 0 microcode 0xffffffff, cx8, cmov, fxsr, ht, mmx, 3dnowpref, sse, sse2, sse3, ssse3, sse4a, sse4.1, sse4.2, popcnt, lzcnt, tsc, tscinvbit, avx, avx2, aes, clmul, bmi1, bmi2, adx, sha, fma, vzeroupper, clflush, clflushopt, hv
CPU Model and flags from /proc/cpuinfo:
model name	: AMD EPYC 7B12
flags		: fpu vme de pse tsc msr pae mce cx8 apic sep mtrr pge mca cmov pat pse36 clflush mmx fxsr sse sse2 ht syscall nx mmxext fxsr_opt pdpe1gb rdtscp lm constant_tsc rep_good nopl nonstop_tsc cpuid extd_apicid tsc_known_freq pni pclmulqdq ssse3 fma cx16 sse4_1 sse4_2 movbe popcnt aes xsave avx f16c rdrand hypervisor lahf_lm cmp_legacy cr8_legacy abm sse4a misalignsse 3dnowprefetch osvw topoext ssbd ibrs ibpb stibp vmmcall fsgsbase tsc_adjust bmi1 avx2 smep bmi2 rdseed adx smap clflushopt clwb sha_ni xsaveopt xsavec xgetbv1 clzero xsaveerptr arat npt nrip_save umip rdpid

Online cpus: 0-7
Offline cpus: 
BIOS frequency limitation: <Not Available>
Frequency switch latency (ns): <Not Available>
Available cpu frequencies: <Not Available>
Current governor: <Not Available>
Core performance/turbo boost: <Not Available>

Memory: 4k page, physical 1048576k(413312k free), swap 0k(0k free)
Page Sizes: 4k

vm_info: OpenJDK 64-Bit Server VM (17.0.5+8-jvmci-22.3-b08) for linux-amd64 JRE (17.0.5+8-jvmci-22.3-b08), built on Oct 19 2022 09:01:27 by "buildslave" with gcc 10.3.0

END.
